<?xml version="1.0" encoding="UTF-8"?>
<testsuite name="ru.stqa.pft.addressbook.lessons_68.tests.GroupCreationTests" tests="2" skipped="0" failures="1" errors="0" timestamp="2021-03-01T14:01:19" hostname="lst-1" time="38.744">
  <properties/>
  <testcase name="testGroupCreation[0](GroupData{name='test 0', id='2147483647'})" classname="ru.stqa.pft.addressbook.lessons_68.tests.GroupCreationTests" time="11.192">
    <failure message="org.openqa.selenium.NoSuchElementException: no such element: Unable to locate element: {&quot;method&quot;:&quot;name&quot;,&quot;selector&quot;:&quot;new&quot;}&#10;  (Session info: chrome=88.0.4324.150)&#10;  (Driver info: operadriver=87.0.4280.67 (0e5d92df40086cf0050c00f87b11da1b14580930-refs/branch-heads/4280@{#1441}),platform=Windows NT 6.1.7601 SP1 x86_64) (WARNING: The server did not provide any stacktrace information)&#10;Command duration or timeout: 0 milliseconds&#10;For documentation on this error, please visit: https://selenium.dev/exceptions/#no_such_element&#10;Build info: version: '4.0.0-alpha-7', revision: 'de8579b6d5'&#10;System info: host: 'LST-1', ip: '10.0.0.60', os.name: 'Windows 7', os.arch: 'amd64', os.version: '6.1', java.version: '1.8.0_275'&#10;Driver info: org.openqa.selenium.chrome.ChromeDriver&#10;Capabilities {acceptInsecureCerts: false, acceptSslCerts: false, applicationCacheEnabled: false, browserConnectionEnabled: false, browserName: opera, cssSelectorsEnabled: true, databaseEnabled: false, goog:chromeOptions: {debuggerAddress: localhost:53512}, handlesAlerts: true, hasTouchScreen: false, javascriptEnabled: true, locationContextEnabled: true, mobileEmulationEnabled: false, nativeEvents: true, networkConnectionEnabled: false, opera: {operadriverVersion: 87.0.4280.67 (0e5d92df40086..., userDataDir: C:\Users\admin\AppData\Loca...}, pageLoadStrategy: normal, platform: WINDOWS, platformName: WINDOWS, proxy: Proxy(), rotatable: false, setWindowRect: true, strictFileInteractability: false, takesHeapSnapshot: true, takesScreenshot: true, timeouts: {implicit: 0, pageLoad: 300000, script: 30000}, unexpectedAlertBehaviour: ignore, unhandledPromptBehavior: ignore, version: 88.0.4324.150, webStorageEnabled: true, webauthn:virtualAuthenticators: true}&#10;Session ID: 3e4951c79d2ede6566ce6a8f9cc5332f&#10;*** Element info: {Using=name, value=new}" type="org.openqa.selenium.NoSuchElementException">org.openqa.selenium.NoSuchElementException: no such element: Unable to locate element: {&quot;method&quot;:&quot;name&quot;,&quot;selector&quot;:&quot;new&quot;}
  (Session info: chrome=88.0.4324.150)
  (Driver info: operadriver=87.0.4280.67 (0e5d92df40086cf0050c00f87b11da1b14580930-refs/branch-heads/4280@{#1441}),platform=Windows NT 6.1.7601 SP1 x86_64) (WARNING: The server did not provide any stacktrace information)
Command duration or timeout: 0 milliseconds
For documentation on this error, please visit: https://selenium.dev/exceptions/#no_such_element
Build info: version: '4.0.0-alpha-7', revision: 'de8579b6d5'
System info: host: 'LST-1', ip: '10.0.0.60', os.name: 'Windows 7', os.arch: 'amd64', os.version: '6.1', java.version: '1.8.0_275'
Driver info: org.openqa.selenium.chrome.ChromeDriver
Capabilities {acceptInsecureCerts: false, acceptSslCerts: false, applicationCacheEnabled: false, browserConnectionEnabled: false, browserName: opera, cssSelectorsEnabled: true, databaseEnabled: false, goog:chromeOptions: {debuggerAddress: localhost:53512}, handlesAlerts: true, hasTouchScreen: false, javascriptEnabled: true, locationContextEnabled: true, mobileEmulationEnabled: false, nativeEvents: true, networkConnectionEnabled: false, opera: {operadriverVersion: 87.0.4280.67 (0e5d92df40086..., userDataDir: C:\Users\admin\AppData\Loca...}, pageLoadStrategy: normal, platform: WINDOWS, platformName: WINDOWS, proxy: Proxy(), rotatable: false, setWindowRect: true, strictFileInteractability: false, takesHeapSnapshot: true, takesScreenshot: true, timeouts: {implicit: 0, pageLoad: 300000, script: 30000}, unexpectedAlertBehaviour: ignore, unhandledPromptBehavior: ignore, version: 88.0.4324.150, webStorageEnabled: true, webauthn:virtualAuthenticators: true}
Session ID: 3e4951c79d2ede6566ce6a8f9cc5332f
*** Element info: {Using=name, value=new}
	at sun.reflect.NativeConstructorAccessorImpl.newInstance0(Native Method)
	at sun.reflect.NativeConstructorAccessorImpl.newInstance(NativeConstructorAccessorImpl.java:62)
	at sun.reflect.DelegatingConstructorAccessorImpl.newInstance(DelegatingConstructorAccessorImpl.java:45)
	at java.lang.reflect.Constructor.newInstance(Constructor.java:423)
	at org.openqa.selenium.remote.ErrorHandler.createThrowable(ErrorHandler.java:217)
	at org.openqa.selenium.remote.ErrorHandler.throwIfResponseFailed(ErrorHandler.java:169)
	at org.openqa.selenium.remote.codec.jwp.JsonHttpResponseCodec.reconstructValue(JsonHttpResponseCodec.java:41)
	at org.openqa.selenium.remote.codec.AbstractHttpResponseCodec.decode(AbstractHttpResponseCodec.java:83)
	at org.openqa.selenium.remote.codec.AbstractHttpResponseCodec.decode(AbstractHttpResponseCodec.java:47)
	at org.openqa.selenium.remote.HttpCommandExecutor.execute(HttpCommandExecutor.java:167)
	at org.openqa.selenium.remote.service.DriverCommandExecutor.execute(DriverCommandExecutor.java:123)
	at org.openqa.selenium.remote.RemoteWebDriver.execute(RemoteWebDriver.java:501)
	at org.openqa.selenium.remote.RemoteWebDriver.findElement(RemoteWebDriver.java:332)
	at org.openqa.selenium.By$ByName.findElement(By.java:304)
	at org.openqa.selenium.remote.RemoteWebDriver.findElement(RemoteWebDriver.java:312)
	at ru.stqa.pft.addressbook.lessons_68.appmanager.HelperBase.click(HelperBase.java:21)
	at ru.stqa.pft.addressbook.lessons_68.appmanager.GroupHelper.initGroupCreation(GroupHelper.java:35)
	at ru.stqa.pft.addressbook.lessons_68.appmanager.GroupHelper.create(GroupHelper.java:66)
	at ru.stqa.pft.addressbook.lessons_68.tests.GroupCreationTests.testGroupCreation(GroupCreationTests.java:79)
	at sun.reflect.NativeMethodAccessorImpl.invoke0(Native Method)
	at sun.reflect.NativeMethodAccessorImpl.invoke(NativeMethodAccessorImpl.java:62)
	at sun.reflect.DelegatingMethodAccessorImpl.invoke(DelegatingMethodAccessorImpl.java:43)
	at java.lang.reflect.Method.invoke(Method.java:498)
	at org.testng.internal.MethodInvocationHelper.invokeMethod(MethodInvocationHelper.java:132)
	at org.testng.internal.TestInvoker.invokeMethod(TestInvoker.java:599)
	at org.testng.internal.TestInvoker.invokeTestMethod(TestInvoker.java:174)
	at org.testng.internal.MethodRunner.runInSequence(MethodRunner.java:46)
	at org.testng.internal.TestInvoker$MethodInvocationAgent.invoke(TestInvoker.java:822)
	at org.testng.internal.TestInvoker.invokeTestMethods(TestInvoker.java:147)
	at org.testng.internal.TestMethodWorker.invokeTestMethods(TestMethodWorker.java:146)
	at org.testng.internal.TestMethodWorker.run(TestMethodWorker.java:128)
	at java.util.ArrayList.forEach(ArrayList.java:1259)
	at org.testng.TestRunner.privateRun(TestRunner.java:764)
	at org.testng.TestRunner.run(TestRunner.java:585)
	at org.testng.SuiteRunner.runTest(SuiteRunner.java:384)
	at org.testng.SuiteRunner.runSequentially(SuiteRunner.java:378)
	at org.testng.SuiteRunner.privateRun(SuiteRunner.java:337)
	at org.testng.SuiteRunner.run(SuiteRunner.java:286)
	at org.testng.SuiteRunnerWorker.runSuite(SuiteRunnerWorker.java:53)
	at org.testng.SuiteRunnerWorker.run(SuiteRunnerWorker.java:96)
	at org.testng.TestNG.runSuitesSequentially(TestNG.java:1218)
	at org.testng.TestNG.runSuitesLocally(TestNG.java:1140)
	at org.testng.TestNG.runSuites(TestNG.java:1069)
	at org.testng.TestNG.run(TestNG.java:1037)
	at org.gradle.api.internal.tasks.testing.testng.TestNGTestClassProcessor.runTests(TestNGTestClassProcessor.java:139)
	at org.gradle.api.internal.tasks.testing.testng.TestNGTestClassProcessor.stop(TestNGTestClassProcessor.java:89)
	at org.gradle.api.internal.tasks.testing.SuiteTestClassProcessor.stop(SuiteTestClassProcessor.java:61)
	at sun.reflect.NativeMethodAccessorImpl.invoke0(Native Method)
	at sun.reflect.NativeMethodAccessorImpl.invoke(NativeMethodAccessorImpl.java:62)
	at sun.reflect.DelegatingMethodAccessorImpl.invoke(DelegatingMethodAccessorImpl.java:43)
	at java.lang.reflect.Method.invoke(Method.java:498)
	at org.gradle.internal.dispatch.ReflectionDispatch.dispatch(ReflectionDispatch.java:35)
	at org.gradle.internal.dispatch.ReflectionDispatch.dispatch(ReflectionDispatch.java:24)
	at org.gradle.internal.dispatch.ContextClassLoaderDispatch.dispatch(ContextClassLoaderDispatch.java:32)
	at org.gradle.internal.dispatch.ProxyDispatchAdapter$DispatchingInvocationHandler.invoke(ProxyDispatchAdapter.java:93)
	at com.sun.proxy.$Proxy1.stop(Unknown Source)
	at org.gradle.api.internal.tasks.testing.worker.TestWorker.stop(TestWorker.java:123)
	at sun.reflect.NativeMethodAccessorImpl.invoke0(Native Method)
	at sun.reflect.NativeMethodAccessorImpl.invoke(NativeMethodAccessorImpl.java:62)
	at sun.reflect.DelegatingMethodAccessorImpl.invoke(DelegatingMethodAccessorImpl.java:43)
	at java.lang.reflect.Method.invoke(Method.java:498)
	at org.gradle.internal.dispatch.ReflectionDispatch.dispatch(ReflectionDispatch.java:35)
	at org.gradle.internal.dispatch.ReflectionDispatch.dispatch(ReflectionDispatch.java:24)
	at org.gradle.internal.remote.internal.hub.MessageHubBackedObjectConnection$DispatchWrapper.dispatch(MessageHubBackedObjectConnection.java:155)
	at org.gradle.internal.remote.internal.hub.MessageHubBackedObjectConnection$DispatchWrapper.dispatch(MessageHubBackedObjectConnection.java:137)
	at org.gradle.internal.remote.internal.hub.MessageHub$Handler.run(MessageHub.java:404)
	at org.gradle.internal.concurrent.ExecutorPolicy$CatchAndRecordFailures.onExecute(ExecutorPolicy.java:63)
	at org.gradle.internal.concurrent.ManagedExecutorImpl$1.run(ManagedExecutorImpl.java:46)
	at java.util.concurrent.ThreadPoolExecutor.runWorker(ThreadPoolExecutor.java:1149)
	at java.util.concurrent.ThreadPoolExecutor$Worker.run(ThreadPoolExecutor.java:624)
	at org.gradle.internal.concurrent.ThreadFactoryImpl$ManagedThreadRunnable.run(ThreadFactoryImpl.java:55)
	at java.lang.Thread.run(Thread.java:748)
</failure>
  </testcase>
  <testcase name="testGroupCreation[1](GroupData{name='test 1', id='2147483647'})" classname="ru.stqa.pft.addressbook.lessons_68.tests.GroupCreationTests" time="20.578"/>
  <system-out><![CDATA[16:00:27.620 [Test worker] DEBUG io.netty.util.internal.logging.InternalLoggerFactory - Using SLF4J as the default logging framework
16:00:27.666 [Test worker] DEBUG io.netty.util.ResourceLeakDetector - -Dio.netty.leakDetection.level: simple
16:00:27.666 [Test worker] DEBUG io.netty.util.ResourceLeakDetector - -Dio.netty.leakDetection.targetRecords: 4
16:00:27.726 [Test worker] DEBUG io.netty.util.ResourceLeakDetectorFactory - Loaded default ResourceLeakDetector: io.netty.util.ResourceLeakDetector@484a3d9d
16:00:27.815 [Test worker] DEBUG io.netty.util.internal.PlatformDependent - Platform: Windows
16:00:27.847 [Test worker] DEBUG io.netty.util.internal.PlatformDependent0 - -Dio.netty.noUnsafe: false
16:00:27.847 [Test worker] DEBUG io.netty.util.internal.PlatformDependent0 - Java version: 8
16:00:27.850 [Test worker] DEBUG io.netty.util.internal.PlatformDependent0 - sun.misc.Unsafe.theUnsafe: available
16:00:27.852 [Test worker] DEBUG io.netty.util.internal.PlatformDependent0 - sun.misc.Unsafe.copyMemory: available
16:00:27.854 [Test worker] DEBUG io.netty.util.internal.PlatformDependent0 - java.nio.Buffer.address: available
16:00:27.857 [Test worker] DEBUG io.netty.util.internal.PlatformDependent0 - direct buffer constructor: available
16:00:27.858 [Test worker] DEBUG io.netty.util.internal.PlatformDependent0 - java.nio.Bits.unaligned: available, true
16:00:27.859 [Test worker] DEBUG io.netty.util.internal.PlatformDependent0 - jdk.internal.misc.Unsafe.allocateUninitializedArray(int): unavailable prior to Java9
16:00:27.859 [Test worker] DEBUG io.netty.util.internal.PlatformDependent0 - java.nio.DirectByteBuffer.<init>(long, int): available
16:00:27.859 [Test worker] DEBUG io.netty.util.internal.PlatformDependent - sun.misc.Unsafe: available
16:00:27.868 [Test worker] DEBUG io.netty.util.internal.PlatformDependent - -Dio.netty.tmpdir: C:\Users\admin\AppData\Local\Temp (java.io.tmpdir)
16:00:27.868 [Test worker] DEBUG io.netty.util.internal.PlatformDependent - -Dio.netty.bitMode: 64 (sun.arch.data.model)
16:00:27.880 [Test worker] DEBUG io.netty.util.internal.PlatformDependent - -Dio.netty.maxDirectMemory: 926941184 bytes
16:00:27.880 [Test worker] DEBUG io.netty.util.internal.PlatformDependent - -Dio.netty.uninitializedArrayAllocationThreshold: -1
16:00:27.884 [Test worker] DEBUG io.netty.util.internal.CleanerJava6 - java.nio.ByteBuffer.cleaner(): available
16:00:27.885 [Test worker] DEBUG io.netty.util.internal.PlatformDependent - -Dio.netty.noPreferDirect: false
16:00:27.941 [Test worker] DEBUG io.netty.util.internal.PlatformDependent - org.jctools-core.MpscChunkedArrayQueue: available
16:00:28.095 [Test worker] DEBUG io.netty.util.internal.InternalThreadLocalMap - -Dio.netty.threadLocalMap.stringBuilder.initialSize: 1024
16:00:28.095 [Test worker] DEBUG io.netty.util.internal.InternalThreadLocalMap - -Dio.netty.threadLocalMap.stringBuilder.maxSize: 4096
16:00:28.469 [Test worker] DEBUG io.netty.handler.ssl.JdkSslContext - Default protocols (JDK): [TLSv1.2, TLSv1.1, TLSv1] 
16:00:28.469 [Test worker] DEBUG io.netty.handler.ssl.JdkSslContext - Default cipher suites (JDK): [TLS_ECDHE_ECDSA_WITH_AES_256_GCM_SHA384, TLS_ECDHE_ECDSA_WITH_AES_128_GCM_SHA256, TLS_ECDHE_RSA_WITH_AES_128_GCM_SHA256, TLS_ECDHE_RSA_WITH_AES_256_GCM_SHA384, TLS_ECDHE_RSA_WITH_AES_128_CBC_SHA, TLS_ECDHE_RSA_WITH_AES_256_CBC_SHA, TLS_RSA_WITH_AES_128_GCM_SHA256, TLS_RSA_WITH_AES_128_CBC_SHA, TLS_RSA_WITH_AES_256_CBC_SHA, TLS_AES_128_GCM_SHA256, TLS_AES_256_GCM_SHA384]
16:00:28.642 [Test worker] DEBUG io.netty.channel.MultithreadEventLoopGroup - -Dio.netty.eventLoopThreads: 4
16:00:28.733 [Test worker] DEBUG io.netty.channel.nio.NioEventLoop - -Dio.netty.noKeySetOptimization: false
16:00:28.733 [Test worker] DEBUG io.netty.channel.nio.NioEventLoop - -Dio.netty.selectorAutoRebuildThreshold: 512
16:00:28.906 [Test worker] DEBUG io.netty.buffer.PooledByteBufAllocator - -Dio.netty.allocator.numHeapArenas: 4
16:00:28.906 [Test worker] DEBUG io.netty.buffer.PooledByteBufAllocator - -Dio.netty.allocator.numDirectArenas: 4
16:00:28.906 [Test worker] DEBUG io.netty.buffer.PooledByteBufAllocator - -Dio.netty.allocator.pageSize: 8192
16:00:28.906 [Test worker] DEBUG io.netty.buffer.PooledByteBufAllocator - -Dio.netty.allocator.maxOrder: 11
16:00:28.906 [Test worker] DEBUG io.netty.buffer.PooledByteBufAllocator - -Dio.netty.allocator.chunkSize: 16777216
16:00:28.906 [Test worker] DEBUG io.netty.buffer.PooledByteBufAllocator - -Dio.netty.allocator.smallCacheSize: 256
16:00:28.906 [Test worker] DEBUG io.netty.buffer.PooledByteBufAllocator - -Dio.netty.allocator.normalCacheSize: 64
16:00:28.906 [Test worker] DEBUG io.netty.buffer.PooledByteBufAllocator - -Dio.netty.allocator.maxCachedBufferCapacity: 32768
16:00:28.906 [Test worker] DEBUG io.netty.buffer.PooledByteBufAllocator - -Dio.netty.allocator.cacheTrimInterval: 8192
16:00:28.906 [Test worker] DEBUG io.netty.buffer.PooledByteBufAllocator - -Dio.netty.allocator.cacheTrimIntervalMillis: 0
16:00:28.907 [Test worker] DEBUG io.netty.buffer.PooledByteBufAllocator - -Dio.netty.allocator.useCacheForAllThreads: true
16:00:28.907 [Test worker] DEBUG io.netty.buffer.PooledByteBufAllocator - -Dio.netty.allocator.maxCachedByteBuffersPerChunk: 1023
16:00:28.990 [Test worker] DEBUG io.netty.buffer.ByteBufUtil - -Dio.netty.allocator.type: pooled
16:00:28.991 [Test worker] DEBUG io.netty.buffer.ByteBufUtil - -Dio.netty.threadLocalDirectBufferSize: 0
16:00:28.991 [Test worker] DEBUG io.netty.buffer.ByteBufUtil - -Dio.netty.maxThreadLocalCharBufferSize: 16384
16:00:31.039 [Forwarding newSession on session null to remote] DEBUG io.netty.channel.DefaultChannelId - -Dio.netty.processId: 7828 (auto-detected)
16:00:31.044 [Forwarding newSession on session null to remote] DEBUG io.netty.util.NetUtil - -Djava.net.preferIPv4Stack: false
16:00:31.046 [Forwarding newSession on session null to remote] DEBUG io.netty.util.NetUtil - -Djava.net.preferIPv6Addresses: false
16:00:31.111 [Forwarding newSession on session null to remote] DEBUG io.netty.util.NetUtil - Loopback interface: lo (Software Loopback Interface 1, 127.0.0.1)
16:00:31.112 [Forwarding newSession on session null to remote] DEBUG io.netty.util.NetUtil - Failed to get SOMAXCONN from sysctl and file \proc\sys\net\core\somaxconn. Default: 200
16:00:31.179 [Forwarding newSession on session null to remote] DEBUG io.netty.channel.DefaultChannelId - -Dio.netty.machineId: 10:7b:44:ff:fe:45:90:58 (auto-detected)
16:00:31.462 [AsyncHttpClient-1-2] DEBUG io.netty.buffer.AbstractByteBuf - -Dio.netty.buffer.checkAccessible: true
16:00:31.462 [AsyncHttpClient-1-2] DEBUG io.netty.buffer.AbstractByteBuf - -Dio.netty.buffer.checkBounds: true
16:00:31.463 [AsyncHttpClient-1-2] DEBUG io.netty.util.ResourceLeakDetectorFactory - Loaded default ResourceLeakDetector: io.netty.util.ResourceLeakDetector@2f7701ad
16:00:31.516 [AsyncHttpClient-1-2] DEBUG org.asynchttpclient.netty.channel.NettyConnectListener - Using new Channel '[id: 0x43daccbb, L:/127.0.0.1:53510 - R:localhost/127.0.0.1:1448]' for 'POST' to '/session'
16:00:31.570 [AsyncHttpClient-1-2] DEBUG io.netty.util.Recycler - -Dio.netty.recycler.maxCapacityPerThread: 4096
16:00:31.570 [AsyncHttpClient-1-2] DEBUG io.netty.util.Recycler - -Dio.netty.recycler.maxSharedCapacityFactor: 2
16:00:31.570 [AsyncHttpClient-1-2] DEBUG io.netty.util.Recycler - -Dio.netty.recycler.linkCapacity: 16
16:00:31.570 [AsyncHttpClient-1-2] DEBUG io.netty.util.Recycler - -Dio.netty.recycler.ratio: 8
16:00:31.570 [AsyncHttpClient-1-2] DEBUG io.netty.util.Recycler - -Dio.netty.recycler.delayedQueue.ratio: 8
16:01:00.663 [AsyncHttpClient-1-2] DEBUG org.asynchttpclient.netty.handler.HttpHandler - 

Request DefaultHttpRequest(decodeResult: success, version: HTTP/1.1)
POST /session HTTP/1.1
User-Agent: selenium/4.0.0-alpha-7 (java windows)
Content-Length: 365
Content-Type: application/json; charset=utf-8
host: localhost:1448
accept: */*

Response DefaultHttpResponse(decodeResult: success, version: HTTP/1.1)
HTTP/1.1 200 OK
Content-Length: 1066
Content-Type: application/json; charset=utf-8

16:01:00.907 [AsyncHttpClient-1-2] DEBUG org.asynchttpclient.netty.channel.ChannelManager - Adding key: http://localhost:1448 for channel [id: 0x43daccbb, L:/127.0.0.1:53510 - R:localhost/127.0.0.1:1448]
16:01:01.448 [AsyncHttpClient-1-1] DEBUG org.asynchttpclient.netty.channel.DefaultChannelPool - Entry count for : http://localhost:1448 : 1
16:01:02.038 [AsyncHttpClient-1-3] DEBUG org.asynchttpclient.netty.channel.NettyConnectListener - Using new Channel '[id: 0x31251119, L:/127.0.0.1:53533 - R:localhost/127.0.0.1:53512]' for 'GET' to '/json/version'
16:01:02.648 [AsyncHttpClient-1-1] DEBUG org.asynchttpclient.netty.channel.DefaultChannelPool - Entry count for : http://localhost:1448 : 1
16:01:02.769 [AsyncHttpClient-1-3] DEBUG org.asynchttpclient.netty.handler.HttpHandler - 

Request DefaultFullHttpRequest(decodeResult: success, version: HTTP/1.1, content: EmptyByteBufBE)
GET /json/version HTTP/1.1
User-Agent: selenium/4.0.0-alpha-7 (java windows)
host: localhost:53512
accept: */*

Response DefaultHttpResponse(decodeResult: success, version: HTTP/1.1)
HTTP/1.1 200 OK
Content-Length: 440
Content-Type: application/json; charset=UTF-8

16:01:02.770 [AsyncHttpClient-1-3] DEBUG org.asynchttpclient.netty.channel.ChannelManager - Adding key: http://localhost:53512 for channel [id: 0x31251119, L:/127.0.0.1:53533 - R:localhost/127.0.0.1:53512]
16:01:02.846 [Test worker] DEBUG io.netty.util.internal.ThreadLocalRandom - -Dio.netty.initialSeedUniquifier: 0x4178975c753c2d44
16:01:02.925 [AsyncHttpClient-1-4] DEBUG org.asynchttpclient.netty.channel.NettyConnectListener - Using new Channel '[id: 0x9ba30f5d, L:/127.0.0.1:53538 - R:localhost/127.0.0.1:53512]' for 'GET' to '/devtools/browser/30e1cf3c-cbe8-4f54-a348-2fe5f6cf03d2'
16:01:02.932 [AsyncHttpClient-1-4] DEBUG org.asynchttpclient.netty.handler.WebSocketHandler - 

Request DefaultFullHttpRequest(decodeResult: success, version: HTTP/1.1, content: EmptyByteBufBE)
GET /devtools/browser/30e1cf3c-cbe8-4f54-a348-2fe5f6cf03d2 HTTP/1.1
upgrade: websocket
connection: upgrade
sec-websocket-key: qlAE0rpayyfVY4ijc2elMA==
sec-websocket-version: 13
origin: http://localhost:53512
host: localhost:53512
accept: */*
user-agent: AHC/2.1

Response DefaultHttpResponse(decodeResult: success, version: HTTP/1.1)
HTTP/1.1 101 WebSocket Protocol Handshake
Upgrade: WebSocket
Connection: Upgrade
Sec-WebSocket-Accept: TxDG+clDrBqwxu+IhmRHv3LermE=

16:01:03.407 [Forwarding setTimeout on session 3e4951c79d2ede6566ce6a8f9cc5332f to remote] DEBUG org.asynchttpclient.netty.request.NettyRequestSender - Using pooled Channel '[id: 0x43daccbb, L:/127.0.0.1:53510 - R:localhost/127.0.0.1:1448]' for 'POST' to 'http://localhost:1448/session/3e4951c79d2ede6566ce6a8f9cc5332f/timeouts'
16:01:03.407 [Forwarding setTimeout on session 3e4951c79d2ede6566ce6a8f9cc5332f to remote] DEBUG org.asynchttpclient.netty.request.NettyRequestSender - Using open Channel [id: 0x43daccbb, L:/127.0.0.1:53510 - R:localhost/127.0.0.1:1448] for POST '/session/3e4951c79d2ede6566ce6a8f9cc5332f/timeouts'
16:01:03.428 [AsyncHttpClient-1-2] DEBUG org.asynchttpclient.netty.handler.HttpHandler - 

Request DefaultHttpRequest(decodeResult: success, version: HTTP/1.1)
POST /session/3e4951c79d2ede6566ce6a8f9cc5332f/timeouts HTTP/1.1
User-Agent: selenium/4.0.0-alpha-7 (java windows)
Content-Length: 38
Content-Type: application/json; charset=utf-8
host: localhost:1448
accept: */*

Response DefaultHttpResponse(decodeResult: success, version: HTTP/1.1)
HTTP/1.1 200 OK
Content-Length: 72
Content-Type: application/json; charset=utf-8

16:01:03.428 [AsyncHttpClient-1-2] DEBUG org.asynchttpclient.netty.channel.ChannelManager - Adding key: http://localhost:1448 for channel [id: 0x43daccbb, L:/127.0.0.1:53510 - R:localhost/127.0.0.1:1448]
16:01:03.436 [Forwarding get on session 3e4951c79d2ede6566ce6a8f9cc5332f to remote] DEBUG org.asynchttpclient.netty.request.NettyRequestSender - Using pooled Channel '[id: 0x43daccbb, L:/127.0.0.1:53510 - R:localhost/127.0.0.1:1448]' for 'POST' to 'http://localhost:1448/session/3e4951c79d2ede6566ce6a8f9cc5332f/url'
16:01:03.437 [Forwarding get on session 3e4951c79d2ede6566ce6a8f9cc5332f to remote] DEBUG org.asynchttpclient.netty.request.NettyRequestSender - Using open Channel [id: 0x43daccbb, L:/127.0.0.1:53510 - R:localhost/127.0.0.1:1448] for POST '/session/3e4951c79d2ede6566ce6a8f9cc5332f/url'
16:01:03.781 [AsyncHttpClient-1-1] DEBUG org.asynchttpclient.netty.channel.DefaultChannelPool - Entry count for : http://localhost:53512 : 1
16:01:04.849 [AsyncHttpClient-1-1] DEBUG org.asynchttpclient.netty.channel.DefaultChannelPool - Entry count for : http://localhost:53512 : 1
16:01:05.957 [AsyncHttpClient-1-1] DEBUG org.asynchttpclient.netty.channel.DefaultChannelPool - Entry count for : http://localhost:53512 : 1
16:01:07.048 [AsyncHttpClient-1-1] DEBUG org.asynchttpclient.netty.channel.DefaultChannelPool - Entry count for : http://localhost:53512 : 1
16:01:08.149 [AsyncHttpClient-1-1] DEBUG org.asynchttpclient.netty.channel.DefaultChannelPool - Entry count for : http://localhost:53512 : 1
16:01:09.248 [AsyncHttpClient-1-1] DEBUG org.asynchttpclient.netty.channel.DefaultChannelPool - Entry count for : http://localhost:53512 : 1
16:01:10.357 [AsyncHttpClient-1-1] DEBUG org.asynchttpclient.netty.channel.DefaultChannelPool - Entry count for : http://localhost:53512 : 1
16:01:11.453 [AsyncHttpClient-1-1] DEBUG org.asynchttpclient.netty.channel.DefaultChannelPool - Entry count for : http://localhost:53512 : 1
16:01:11.975 [AsyncHttpClient-1-2] DEBUG org.asynchttpclient.netty.handler.HttpHandler - 

Request DefaultHttpRequest(decodeResult: success, version: HTTP/1.1)
POST /session/3e4951c79d2ede6566ce6a8f9cc5332f/url HTTP/1.1
User-Agent: selenium/4.0.0-alpha-7 (java windows)
Content-Length: 43
Content-Type: application/json; charset=utf-8
host: localhost:1448
accept: */*

Response DefaultHttpResponse(decodeResult: success, version: HTTP/1.1)
HTTP/1.1 200 OK
Content-Length: 72
Content-Type: application/json; charset=utf-8

16:01:11.975 [AsyncHttpClient-1-2] DEBUG org.asynchttpclient.netty.channel.ChannelManager - Adding key: http://localhost:1448 for channel [id: 0x43daccbb, L:/127.0.0.1:53510 - R:localhost/127.0.0.1:1448]
16:01:12.028 [Forwarding findElement on session 3e4951c79d2ede6566ce6a8f9cc5332f to remote] DEBUG org.asynchttpclient.netty.request.NettyRequestSender - Using pooled Channel '[id: 0x43daccbb, L:/127.0.0.1:53510 - R:localhost/127.0.0.1:1448]' for 'POST' to 'http://localhost:1448/session/3e4951c79d2ede6566ce6a8f9cc5332f/element'
16:01:12.028 [Forwarding findElement on session 3e4951c79d2ede6566ce6a8f9cc5332f to remote] DEBUG org.asynchttpclient.netty.request.NettyRequestSender - Using open Channel [id: 0x43daccbb, L:/127.0.0.1:53510 - R:localhost/127.0.0.1:1448] for POST '/session/3e4951c79d2ede6566ce6a8f9cc5332f/element'
16:01:12.284 [AsyncHttpClient-1-2] DEBUG org.asynchttpclient.netty.handler.HttpHandler - 

Request DefaultHttpRequest(decodeResult: success, version: HTTP/1.1)
POST /session/3e4951c79d2ede6566ce6a8f9cc5332f/element HTTP/1.1
User-Agent: selenium/4.0.0-alpha-7 (java windows)
Content-Length: 40
Content-Type: application/json; charset=utf-8
host: localhost:1448
accept: */*

Response DefaultHttpResponse(decodeResult: success, version: HTTP/1.1)
HTTP/1.1 200 OK
Content-Length: 103
Content-Type: application/json; charset=utf-8

16:01:12.287 [AsyncHttpClient-1-2] DEBUG org.asynchttpclient.netty.channel.ChannelManager - Adding key: http://localhost:1448 for channel [id: 0x43daccbb, L:/127.0.0.1:53510 - R:localhost/127.0.0.1:1448]
16:01:12.332 [Forwarding clickElement on session 3e4951c79d2ede6566ce6a8f9cc5332f to remote] DEBUG org.asynchttpclient.netty.request.NettyRequestSender - Using pooled Channel '[id: 0x43daccbb, L:/127.0.0.1:53510 - R:localhost/127.0.0.1:1448]' for 'POST' to 'http://localhost:1448/session/3e4951c79d2ede6566ce6a8f9cc5332f/element/0.09179059461496197-1/click'
16:01:12.339 [Forwarding clickElement on session 3e4951c79d2ede6566ce6a8f9cc5332f to remote] DEBUG org.asynchttpclient.netty.request.NettyRequestSender - Using open Channel [id: 0x43daccbb, L:/127.0.0.1:53510 - R:localhost/127.0.0.1:1448] for POST '/session/3e4951c79d2ede6566ce6a8f9cc5332f/element/0.09179059461496197-1/click'
16:01:12.557 [AsyncHttpClient-1-1] DEBUG org.asynchttpclient.netty.channel.DefaultChannelPool - Entry count for : http://localhost:53512 : 1
16:01:12.713 [AsyncHttpClient-1-2] DEBUG org.asynchttpclient.netty.handler.HttpHandler - 

Request DefaultHttpRequest(decodeResult: success, version: HTTP/1.1)
POST /session/3e4951c79d2ede6566ce6a8f9cc5332f/element/0.09179059461496197-1/click HTTP/1.1
User-Agent: selenium/4.0.0-alpha-7 (java windows)
Content-Length: 35
Content-Type: application/json; charset=utf-8
host: localhost:1448
accept: */*

Response DefaultHttpResponse(decodeResult: success, version: HTTP/1.1)
HTTP/1.1 200 OK
Content-Length: 72
Content-Type: application/json; charset=utf-8

16:01:12.728 [AsyncHttpClient-1-2] DEBUG org.asynchttpclient.netty.channel.ChannelManager - Adding key: http://localhost:1448 for channel [id: 0x43daccbb, L:/127.0.0.1:53510 - R:localhost/127.0.0.1:1448]
16:01:12.738 [Forwarding findElement on session 3e4951c79d2ede6566ce6a8f9cc5332f to remote] DEBUG org.asynchttpclient.netty.request.NettyRequestSender - Using pooled Channel '[id: 0x43daccbb, L:/127.0.0.1:53510 - R:localhost/127.0.0.1:1448]' for 'POST' to 'http://localhost:1448/session/3e4951c79d2ede6566ce6a8f9cc5332f/element'
16:01:12.738 [Forwarding findElement on session 3e4951c79d2ede6566ce6a8f9cc5332f to remote] DEBUG org.asynchttpclient.netty.request.NettyRequestSender - Using open Channel [id: 0x43daccbb, L:/127.0.0.1:53510 - R:localhost/127.0.0.1:1448] for POST '/session/3e4951c79d2ede6566ce6a8f9cc5332f/element'
16:01:12.772 [AsyncHttpClient-1-2] DEBUG org.asynchttpclient.netty.handler.HttpHandler - 

Request DefaultHttpRequest(decodeResult: success, version: HTTP/1.1)
POST /session/3e4951c79d2ede6566ce6a8f9cc5332f/element HTTP/1.1
User-Agent: selenium/4.0.0-alpha-7 (java windows)
Content-Length: 40
Content-Type: application/json; charset=utf-8
host: localhost:1448
accept: */*

Response DefaultHttpResponse(decodeResult: success, version: HTTP/1.1)
HTTP/1.1 200 OK
Content-Length: 103
Content-Type: application/json; charset=utf-8

16:01:12.773 [AsyncHttpClient-1-2] DEBUG org.asynchttpclient.netty.channel.ChannelManager - Adding key: http://localhost:1448 for channel [id: 0x43daccbb, L:/127.0.0.1:53510 - R:localhost/127.0.0.1:1448]
16:01:12.775 [Forwarding getElementAttribute on session 3e4951c79d2ede6566ce6a8f9cc5332f to remote] DEBUG org.asynchttpclient.netty.request.NettyRequestSender - Using pooled Channel '[id: 0x43daccbb, L:/127.0.0.1:53510 - R:localhost/127.0.0.1:1448]' for 'GET' to 'http://localhost:1448/session/3e4951c79d2ede6566ce6a8f9cc5332f/element/0.09179059461496197-1/attribute/value'
16:01:12.775 [Forwarding getElementAttribute on session 3e4951c79d2ede6566ce6a8f9cc5332f to remote] DEBUG org.asynchttpclient.netty.request.NettyRequestSender - Using open Channel [id: 0x43daccbb, L:/127.0.0.1:53510 - R:localhost/127.0.0.1:1448] for GET '/session/3e4951c79d2ede6566ce6a8f9cc5332f/element/0.09179059461496197-1/attribute/value'
16:01:12.993 [AsyncHttpClient-1-2] DEBUG org.asynchttpclient.netty.handler.HttpHandler - 

Request DefaultFullHttpRequest(decodeResult: success, version: HTTP/1.1, content: EmptyByteBufBE)
GET /session/3e4951c79d2ede6566ce6a8f9cc5332f/element/0.09179059461496197-1/attribute/value HTTP/1.1
User-Agent: selenium/4.0.0-alpha-7 (java windows)
Cache-Control: no-cache
Content-Type: application/json; charset=utf-8
host: localhost:1448
accept: */*

Response DefaultHttpResponse(decodeResult: success, version: HTTP/1.1)
HTTP/1.1 200 OK
Content-Length: 70
Content-Type: application/json; charset=utf-8

16:01:12.994 [AsyncHttpClient-1-2] DEBUG org.asynchttpclient.netty.channel.ChannelManager - Adding key: http://localhost:1448 for channel [id: 0x43daccbb, L:/127.0.0.1:53510 - R:localhost/127.0.0.1:1448]
16:01:12.996 [Forwarding findElement on session 3e4951c79d2ede6566ce6a8f9cc5332f to remote] DEBUG org.asynchttpclient.netty.request.NettyRequestSender - Using pooled Channel '[id: 0x43daccbb, L:/127.0.0.1:53510 - R:localhost/127.0.0.1:1448]' for 'POST' to 'http://localhost:1448/session/3e4951c79d2ede6566ce6a8f9cc5332f/element'
16:01:12.997 [Forwarding findElement on session 3e4951c79d2ede6566ce6a8f9cc5332f to remote] DEBUG org.asynchttpclient.netty.request.NettyRequestSender - Using open Channel [id: 0x43daccbb, L:/127.0.0.1:53510 - R:localhost/127.0.0.1:1448] for POST '/session/3e4951c79d2ede6566ce6a8f9cc5332f/element'
16:01:13.058 [AsyncHttpClient-1-2] DEBUG org.asynchttpclient.netty.handler.HttpHandler - 

Request DefaultHttpRequest(decodeResult: success, version: HTTP/1.1)
POST /session/3e4951c79d2ede6566ce6a8f9cc5332f/element HTTP/1.1
User-Agent: selenium/4.0.0-alpha-7 (java windows)
Content-Length: 40
Content-Type: application/json; charset=utf-8
host: localhost:1448
accept: */*

Response DefaultHttpResponse(decodeResult: success, version: HTTP/1.1)
HTTP/1.1 200 OK
Content-Length: 103
Content-Type: application/json; charset=utf-8

16:01:13.059 [AsyncHttpClient-1-2] DEBUG org.asynchttpclient.netty.channel.ChannelManager - Adding key: http://localhost:1448 for channel [id: 0x43daccbb, L:/127.0.0.1:53510 - R:localhost/127.0.0.1:1448]
16:01:13.063 [Forwarding clearElement on session 3e4951c79d2ede6566ce6a8f9cc5332f to remote] DEBUG org.asynchttpclient.netty.request.NettyRequestSender - Using pooled Channel '[id: 0x43daccbb, L:/127.0.0.1:53510 - R:localhost/127.0.0.1:1448]' for 'POST' to 'http://localhost:1448/session/3e4951c79d2ede6566ce6a8f9cc5332f/element/0.09179059461496197-1/clear'
16:01:13.063 [Forwarding clearElement on session 3e4951c79d2ede6566ce6a8f9cc5332f to remote] DEBUG org.asynchttpclient.netty.request.NettyRequestSender - Using open Channel [id: 0x43daccbb, L:/127.0.0.1:53510 - R:localhost/127.0.0.1:1448] for POST '/session/3e4951c79d2ede6566ce6a8f9cc5332f/element/0.09179059461496197-1/clear'
16:01:13.147 [AsyncHttpClient-1-2] DEBUG org.asynchttpclient.netty.handler.HttpHandler - 

Request DefaultHttpRequest(decodeResult: success, version: HTTP/1.1)
POST /session/3e4951c79d2ede6566ce6a8f9cc5332f/element/0.09179059461496197-1/clear HTTP/1.1
User-Agent: selenium/4.0.0-alpha-7 (java windows)
Content-Length: 35
Content-Type: application/json; charset=utf-8
host: localhost:1448
accept: */*

Response DefaultHttpResponse(decodeResult: success, version: HTTP/1.1)
HTTP/1.1 200 OK
Content-Length: 72
Content-Type: application/json; charset=utf-8

16:01:13.147 [AsyncHttpClient-1-2] DEBUG org.asynchttpclient.netty.channel.ChannelManager - Adding key: http://localhost:1448 for channel [id: 0x43daccbb, L:/127.0.0.1:53510 - R:localhost/127.0.0.1:1448]
16:01:13.173 [Forwarding findElement on session 3e4951c79d2ede6566ce6a8f9cc5332f to remote] DEBUG org.asynchttpclient.netty.request.NettyRequestSender - Using pooled Channel '[id: 0x43daccbb, L:/127.0.0.1:53510 - R:localhost/127.0.0.1:1448]' for 'POST' to 'http://localhost:1448/session/3e4951c79d2ede6566ce6a8f9cc5332f/element'
16:01:13.174 [Forwarding findElement on session 3e4951c79d2ede6566ce6a8f9cc5332f to remote] DEBUG org.asynchttpclient.netty.request.NettyRequestSender - Using open Channel [id: 0x43daccbb, L:/127.0.0.1:53510 - R:localhost/127.0.0.1:1448] for POST '/session/3e4951c79d2ede6566ce6a8f9cc5332f/element'
16:01:13.254 [AsyncHttpClient-1-2] DEBUG org.asynchttpclient.netty.handler.HttpHandler - 

Request DefaultHttpRequest(decodeResult: success, version: HTTP/1.1)
POST /session/3e4951c79d2ede6566ce6a8f9cc5332f/element HTTP/1.1
User-Agent: selenium/4.0.0-alpha-7 (java windows)
Content-Length: 40
Content-Type: application/json; charset=utf-8
host: localhost:1448
accept: */*

Response DefaultHttpResponse(decodeResult: success, version: HTTP/1.1)
HTTP/1.1 200 OK
Content-Length: 103
Content-Type: application/json; charset=utf-8

16:01:13.255 [AsyncHttpClient-1-2] DEBUG org.asynchttpclient.netty.channel.ChannelManager - Adding key: http://localhost:1448 for channel [id: 0x43daccbb, L:/127.0.0.1:53510 - R:localhost/127.0.0.1:1448]
16:01:13.293 [Forwarding sendKeysToElement on session 3e4951c79d2ede6566ce6a8f9cc5332f to remote] DEBUG org.asynchttpclient.netty.request.NettyRequestSender - Using pooled Channel '[id: 0x43daccbb, L:/127.0.0.1:53510 - R:localhost/127.0.0.1:1448]' for 'POST' to 'http://localhost:1448/session/3e4951c79d2ede6566ce6a8f9cc5332f/element/0.09179059461496197-1/value'
16:01:13.293 [Forwarding sendKeysToElement on session 3e4951c79d2ede6566ce6a8f9cc5332f to remote] DEBUG org.asynchttpclient.netty.request.NettyRequestSender - Using open Channel [id: 0x43daccbb, L:/127.0.0.1:53510 - R:localhost/127.0.0.1:1448] for POST '/session/3e4951c79d2ede6566ce6a8f9cc5332f/element/0.09179059461496197-1/value'
16:01:13.648 [AsyncHttpClient-1-1] DEBUG org.asynchttpclient.netty.channel.DefaultChannelPool - Entry count for : http://localhost:53512 : 1
16:01:13.930 [AsyncHttpClient-1-2] DEBUG org.asynchttpclient.netty.handler.HttpHandler - 

Request DefaultHttpRequest(decodeResult: success, version: HTTP/1.1)
POST /session/3e4951c79d2ede6566ce6a8f9cc5332f/element/0.09179059461496197-1/value HTTP/1.1
User-Agent: selenium/4.0.0-alpha-7 (java windows)
Content-Length: 65
Content-Type: application/json; charset=utf-8
host: localhost:1448
accept: */*

Response DefaultHttpResponse(decodeResult: success, version: HTTP/1.1)
HTTP/1.1 200 OK
Content-Length: 72
Content-Type: application/json; charset=utf-8

16:01:13.930 [AsyncHttpClient-1-2] DEBUG org.asynchttpclient.netty.channel.ChannelManager - Adding key: http://localhost:1448 for channel [id: 0x43daccbb, L:/127.0.0.1:53510 - R:localhost/127.0.0.1:1448]
16:01:13.946 [Forwarding findElement on session 3e4951c79d2ede6566ce6a8f9cc5332f to remote] DEBUG org.asynchttpclient.netty.request.NettyRequestSender - Using pooled Channel '[id: 0x43daccbb, L:/127.0.0.1:53510 - R:localhost/127.0.0.1:1448]' for 'POST' to 'http://localhost:1448/session/3e4951c79d2ede6566ce6a8f9cc5332f/element'
16:01:13.946 [Forwarding findElement on session 3e4951c79d2ede6566ce6a8f9cc5332f to remote] DEBUG org.asynchttpclient.netty.request.NettyRequestSender - Using open Channel [id: 0x43daccbb, L:/127.0.0.1:53510 - R:localhost/127.0.0.1:1448] for POST '/session/3e4951c79d2ede6566ce6a8f9cc5332f/element'
16:01:14.699 [AsyncHttpClient-1-2] DEBUG org.asynchttpclient.netty.handler.HttpHandler - 

Request DefaultHttpRequest(decodeResult: success, version: HTTP/1.1)
POST /session/3e4951c79d2ede6566ce6a8f9cc5332f/element HTTP/1.1
User-Agent: selenium/4.0.0-alpha-7 (java windows)
Content-Length: 40
Content-Type: application/json; charset=utf-8
host: localhost:1448
accept: */*

Response DefaultHttpResponse(decodeResult: success, version: HTTP/1.1)
HTTP/1.1 200 OK
Content-Length: 103
Content-Type: application/json; charset=utf-8

16:01:14.700 [AsyncHttpClient-1-2] DEBUG org.asynchttpclient.netty.channel.ChannelManager - Adding key: http://localhost:1448 for channel [id: 0x43daccbb, L:/127.0.0.1:53510 - R:localhost/127.0.0.1:1448]
16:01:14.710 [Forwarding clickElement on session 3e4951c79d2ede6566ce6a8f9cc5332f to remote] DEBUG org.asynchttpclient.netty.request.NettyRequestSender - Using pooled Channel '[id: 0x43daccbb, L:/127.0.0.1:53510 - R:localhost/127.0.0.1:1448]' for 'POST' to 'http://localhost:1448/session/3e4951c79d2ede6566ce6a8f9cc5332f/element/0.09179059461496197-2/click'
16:01:14.710 [Forwarding clickElement on session 3e4951c79d2ede6566ce6a8f9cc5332f to remote] DEBUG org.asynchttpclient.netty.request.NettyRequestSender - Using open Channel [id: 0x43daccbb, L:/127.0.0.1:53510 - R:localhost/127.0.0.1:1448] for POST '/session/3e4951c79d2ede6566ce6a8f9cc5332f/element/0.09179059461496197-2/click'
16:01:14.781 [AsyncHttpClient-1-1] DEBUG org.asynchttpclient.netty.channel.DefaultChannelPool - Entry count for : http://localhost:53512 : 1
16:01:15.081 [AsyncHttpClient-1-2] DEBUG org.asynchttpclient.netty.handler.HttpHandler - 

Request DefaultHttpRequest(decodeResult: success, version: HTTP/1.1)
POST /session/3e4951c79d2ede6566ce6a8f9cc5332f/element/0.09179059461496197-2/click HTTP/1.1
User-Agent: selenium/4.0.0-alpha-7 (java windows)
Content-Length: 35
Content-Type: application/json; charset=utf-8
host: localhost:1448
accept: */*

Response DefaultHttpResponse(decodeResult: success, version: HTTP/1.1)
HTTP/1.1 200 OK
Content-Length: 72
Content-Type: application/json; charset=utf-8

16:01:15.081 [AsyncHttpClient-1-2] DEBUG org.asynchttpclient.netty.channel.ChannelManager - Adding key: http://localhost:1448 for channel [id: 0x43daccbb, L:/127.0.0.1:53510 - R:localhost/127.0.0.1:1448]
16:01:15.092 [Forwarding findElement on session 3e4951c79d2ede6566ce6a8f9cc5332f to remote] DEBUG org.asynchttpclient.netty.request.NettyRequestSender - Using pooled Channel '[id: 0x43daccbb, L:/127.0.0.1:53510 - R:localhost/127.0.0.1:1448]' for 'POST' to 'http://localhost:1448/session/3e4951c79d2ede6566ce6a8f9cc5332f/element'
16:01:15.093 [Forwarding findElement on session 3e4951c79d2ede6566ce6a8f9cc5332f to remote] DEBUG org.asynchttpclient.netty.request.NettyRequestSender - Using open Channel [id: 0x43daccbb, L:/127.0.0.1:53510 - R:localhost/127.0.0.1:1448] for POST '/session/3e4951c79d2ede6566ce6a8f9cc5332f/element'
16:01:15.631 [AsyncHttpClient-1-2] DEBUG org.asynchttpclient.netty.handler.HttpHandler - 

Request DefaultHttpRequest(decodeResult: success, version: HTTP/1.1)
POST /session/3e4951c79d2ede6566ce6a8f9cc5332f/element HTTP/1.1
User-Agent: selenium/4.0.0-alpha-7 (java windows)
Content-Length: 40
Content-Type: application/json; charset=utf-8
host: localhost:1448
accept: */*

Response DefaultHttpResponse(decodeResult: success, version: HTTP/1.1)
HTTP/1.1 200 OK
Content-Length: 103
Content-Type: application/json; charset=utf-8

16:01:15.639 [AsyncHttpClient-1-2] DEBUG org.asynchttpclient.netty.channel.ChannelManager - Adding key: http://localhost:1448 for channel [id: 0x43daccbb, L:/127.0.0.1:53510 - R:localhost/127.0.0.1:1448]
16:01:15.662 [Forwarding getElementAttribute on session 3e4951c79d2ede6566ce6a8f9cc5332f to remote] DEBUG org.asynchttpclient.netty.request.NettyRequestSender - Using pooled Channel '[id: 0x43daccbb, L:/127.0.0.1:53510 - R:localhost/127.0.0.1:1448]' for 'GET' to 'http://localhost:1448/session/3e4951c79d2ede6566ce6a8f9cc5332f/element/0.09179059461496197-2/attribute/value'
16:01:15.662 [Forwarding getElementAttribute on session 3e4951c79d2ede6566ce6a8f9cc5332f to remote] DEBUG org.asynchttpclient.netty.request.NettyRequestSender - Using open Channel [id: 0x43daccbb, L:/127.0.0.1:53510 - R:localhost/127.0.0.1:1448] for GET '/session/3e4951c79d2ede6566ce6a8f9cc5332f/element/0.09179059461496197-2/attribute/value'
16:01:15.756 [AsyncHttpClient-1-2] DEBUG org.asynchttpclient.netty.handler.HttpHandler - 

Request DefaultFullHttpRequest(decodeResult: success, version: HTTP/1.1, content: EmptyByteBufBE)
GET /session/3e4951c79d2ede6566ce6a8f9cc5332f/element/0.09179059461496197-2/attribute/value HTTP/1.1
User-Agent: selenium/4.0.0-alpha-7 (java windows)
Cache-Control: no-cache
Content-Type: application/json; charset=utf-8
host: localhost:1448
accept: */*

Response DefaultHttpResponse(decodeResult: success, version: HTTP/1.1)
HTTP/1.1 200 OK
Content-Length: 70
Content-Type: application/json; charset=utf-8

16:01:15.764 [AsyncHttpClient-1-2] DEBUG org.asynchttpclient.netty.channel.ChannelManager - Adding key: http://localhost:1448 for channel [id: 0x43daccbb, L:/127.0.0.1:53510 - R:localhost/127.0.0.1:1448]
16:01:15.781 [Forwarding findElement on session 3e4951c79d2ede6566ce6a8f9cc5332f to remote] DEBUG org.asynchttpclient.netty.request.NettyRequestSender - Using pooled Channel '[id: 0x43daccbb, L:/127.0.0.1:53510 - R:localhost/127.0.0.1:1448]' for 'POST' to 'http://localhost:1448/session/3e4951c79d2ede6566ce6a8f9cc5332f/element'
16:01:15.781 [Forwarding findElement on session 3e4951c79d2ede6566ce6a8f9cc5332f to remote] DEBUG org.asynchttpclient.netty.request.NettyRequestSender - Using open Channel [id: 0x43daccbb, L:/127.0.0.1:53510 - R:localhost/127.0.0.1:1448] for POST '/session/3e4951c79d2ede6566ce6a8f9cc5332f/element'
16:01:16.010 [AsyncHttpClient-1-1] DEBUG org.asynchttpclient.netty.channel.DefaultChannelPool - Entry count for : http://localhost:53512 : 1
16:01:16.140 [AsyncHttpClient-1-2] DEBUG org.asynchttpclient.netty.handler.HttpHandler - 

Request DefaultHttpRequest(decodeResult: success, version: HTTP/1.1)
POST /session/3e4951c79d2ede6566ce6a8f9cc5332f/element HTTP/1.1
User-Agent: selenium/4.0.0-alpha-7 (java windows)
Content-Length: 40
Content-Type: application/json; charset=utf-8
host: localhost:1448
accept: */*

Response DefaultHttpResponse(decodeResult: success, version: HTTP/1.1)
HTTP/1.1 200 OK
Content-Length: 103
Content-Type: application/json; charset=utf-8

16:01:16.140 [AsyncHttpClient-1-2] DEBUG org.asynchttpclient.netty.channel.ChannelManager - Adding key: http://localhost:1448 for channel [id: 0x43daccbb, L:/127.0.0.1:53510 - R:localhost/127.0.0.1:1448]
16:01:16.142 [Forwarding clearElement on session 3e4951c79d2ede6566ce6a8f9cc5332f to remote] DEBUG org.asynchttpclient.netty.request.NettyRequestSender - Using pooled Channel '[id: 0x43daccbb, L:/127.0.0.1:53510 - R:localhost/127.0.0.1:1448]' for 'POST' to 'http://localhost:1448/session/3e4951c79d2ede6566ce6a8f9cc5332f/element/0.09179059461496197-2/clear'
16:01:16.142 [Forwarding clearElement on session 3e4951c79d2ede6566ce6a8f9cc5332f to remote] DEBUG org.asynchttpclient.netty.request.NettyRequestSender - Using open Channel [id: 0x43daccbb, L:/127.0.0.1:53510 - R:localhost/127.0.0.1:1448] for POST '/session/3e4951c79d2ede6566ce6a8f9cc5332f/element/0.09179059461496197-2/clear'
16:01:16.316 [AsyncHttpClient-1-2] DEBUG org.asynchttpclient.netty.handler.HttpHandler - 

Request DefaultHttpRequest(decodeResult: success, version: HTTP/1.1)
POST /session/3e4951c79d2ede6566ce6a8f9cc5332f/element/0.09179059461496197-2/clear HTTP/1.1
User-Agent: selenium/4.0.0-alpha-7 (java windows)
Content-Length: 35
Content-Type: application/json; charset=utf-8
host: localhost:1448
accept: */*

Response DefaultHttpResponse(decodeResult: success, version: HTTP/1.1)
HTTP/1.1 200 OK
Content-Length: 72
Content-Type: application/json; charset=utf-8

16:01:16.317 [AsyncHttpClient-1-2] DEBUG org.asynchttpclient.netty.channel.ChannelManager - Adding key: http://localhost:1448 for channel [id: 0x43daccbb, L:/127.0.0.1:53510 - R:localhost/127.0.0.1:1448]
16:01:16.324 [Forwarding findElement on session 3e4951c79d2ede6566ce6a8f9cc5332f to remote] DEBUG org.asynchttpclient.netty.request.NettyRequestSender - Using pooled Channel '[id: 0x43daccbb, L:/127.0.0.1:53510 - R:localhost/127.0.0.1:1448]' for 'POST' to 'http://localhost:1448/session/3e4951c79d2ede6566ce6a8f9cc5332f/element'
16:01:16.324 [Forwarding findElement on session 3e4951c79d2ede6566ce6a8f9cc5332f to remote] DEBUG org.asynchttpclient.netty.request.NettyRequestSender - Using open Channel [id: 0x43daccbb, L:/127.0.0.1:53510 - R:localhost/127.0.0.1:1448] for POST '/session/3e4951c79d2ede6566ce6a8f9cc5332f/element'
16:01:16.360 [AsyncHttpClient-1-2] DEBUG org.asynchttpclient.netty.handler.HttpHandler - 

Request DefaultHttpRequest(decodeResult: success, version: HTTP/1.1)
POST /session/3e4951c79d2ede6566ce6a8f9cc5332f/element HTTP/1.1
User-Agent: selenium/4.0.0-alpha-7 (java windows)
Content-Length: 40
Content-Type: application/json; charset=utf-8
host: localhost:1448
accept: */*

Response DefaultHttpResponse(decodeResult: success, version: HTTP/1.1)
HTTP/1.1 200 OK
Content-Length: 103
Content-Type: application/json; charset=utf-8

16:01:16.360 [AsyncHttpClient-1-2] DEBUG org.asynchttpclient.netty.channel.ChannelManager - Adding key: http://localhost:1448 for channel [id: 0x43daccbb, L:/127.0.0.1:53510 - R:localhost/127.0.0.1:1448]
16:01:16.363 [Forwarding sendKeysToElement on session 3e4951c79d2ede6566ce6a8f9cc5332f to remote] DEBUG org.asynchttpclient.netty.request.NettyRequestSender - Using pooled Channel '[id: 0x43daccbb, L:/127.0.0.1:53510 - R:localhost/127.0.0.1:1448]' for 'POST' to 'http://localhost:1448/session/3e4951c79d2ede6566ce6a8f9cc5332f/element/0.09179059461496197-2/value'
16:01:16.363 [Forwarding sendKeysToElement on session 3e4951c79d2ede6566ce6a8f9cc5332f to remote] DEBUG org.asynchttpclient.netty.request.NettyRequestSender - Using open Channel [id: 0x43daccbb, L:/127.0.0.1:53510 - R:localhost/127.0.0.1:1448] for POST '/session/3e4951c79d2ede6566ce6a8f9cc5332f/element/0.09179059461496197-2/value'
16:01:16.415 [AsyncHttpClient-1-2] DEBUG org.asynchttpclient.netty.handler.HttpHandler - 

Request DefaultHttpRequest(decodeResult: success, version: HTTP/1.1)
POST /session/3e4951c79d2ede6566ce6a8f9cc5332f/element/0.09179059461496197-2/value HTTP/1.1
User-Agent: selenium/4.0.0-alpha-7 (java windows)
Content-Length: 66
Content-Type: application/json; charset=utf-8
host: localhost:1448
accept: */*

Response DefaultHttpResponse(decodeResult: success, version: HTTP/1.1)
HTTP/1.1 200 OK
Content-Length: 72
Content-Type: application/json; charset=utf-8

16:01:16.416 [AsyncHttpClient-1-2] DEBUG org.asynchttpclient.netty.channel.ChannelManager - Adding key: http://localhost:1448 for channel [id: 0x43daccbb, L:/127.0.0.1:53510 - R:localhost/127.0.0.1:1448]
16:01:16.428 [Forwarding findElement on session 3e4951c79d2ede6566ce6a8f9cc5332f to remote] DEBUG org.asynchttpclient.netty.request.NettyRequestSender - Using pooled Channel '[id: 0x43daccbb, L:/127.0.0.1:53510 - R:localhost/127.0.0.1:1448]' for 'POST' to 'http://localhost:1448/session/3e4951c79d2ede6566ce6a8f9cc5332f/element'
16:01:16.428 [Forwarding findElement on session 3e4951c79d2ede6566ce6a8f9cc5332f to remote] DEBUG org.asynchttpclient.netty.request.NettyRequestSender - Using open Channel [id: 0x43daccbb, L:/127.0.0.1:53510 - R:localhost/127.0.0.1:1448] for POST '/session/3e4951c79d2ede6566ce6a8f9cc5332f/element'
16:01:16.677 [AsyncHttpClient-1-2] DEBUG org.asynchttpclient.netty.handler.HttpHandler - 

Request DefaultHttpRequest(decodeResult: success, version: HTTP/1.1)
POST /session/3e4951c79d2ede6566ce6a8f9cc5332f/element HTTP/1.1
User-Agent: selenium/4.0.0-alpha-7 (java windows)
Content-Length: 70
Content-Type: application/json; charset=utf-8
host: localhost:1448
accept: */*

Response DefaultHttpResponse(decodeResult: success, version: HTTP/1.1)
HTTP/1.1 200 OK
Content-Length: 103
Content-Type: application/json; charset=utf-8

16:01:16.678 [AsyncHttpClient-1-2] DEBUG org.asynchttpclient.netty.channel.ChannelManager - Adding key: http://localhost:1448 for channel [id: 0x43daccbb, L:/127.0.0.1:53510 - R:localhost/127.0.0.1:1448]
16:01:16.680 [Forwarding clickElement on session 3e4951c79d2ede6566ce6a8f9cc5332f to remote] DEBUG org.asynchttpclient.netty.request.NettyRequestSender - Using pooled Channel '[id: 0x43daccbb, L:/127.0.0.1:53510 - R:localhost/127.0.0.1:1448]' for 'POST' to 'http://localhost:1448/session/3e4951c79d2ede6566ce6a8f9cc5332f/element/0.09179059461496197-3/click'
16:01:16.680 [Forwarding clickElement on session 3e4951c79d2ede6566ce6a8f9cc5332f to remote] DEBUG org.asynchttpclient.netty.request.NettyRequestSender - Using open Channel [id: 0x43daccbb, L:/127.0.0.1:53510 - R:localhost/127.0.0.1:1448] for POST '/session/3e4951c79d2ede6566ce6a8f9cc5332f/element/0.09179059461496197-3/click'
16:01:17.063 [AsyncHttpClient-1-1] DEBUG org.asynchttpclient.netty.channel.DefaultChannelPool - Entry count for : http://localhost:53512 : 1
16:01:18.166 [AsyncHttpClient-1-1] DEBUG org.asynchttpclient.netty.channel.DefaultChannelPool - Entry count for : http://localhost:53512 : 1
16:01:19.248 [AsyncHttpClient-1-1] DEBUG org.asynchttpclient.netty.channel.DefaultChannelPool - Entry count for : http://localhost:53512 : 1
16:01:19.351 [AsyncHttpClient-1-2] DEBUG org.asynchttpclient.netty.handler.HttpHandler - 

Request DefaultHttpRequest(decodeResult: success, version: HTTP/1.1)
POST /session/3e4951c79d2ede6566ce6a8f9cc5332f/element/0.09179059461496197-3/click HTTP/1.1
User-Agent: selenium/4.0.0-alpha-7 (java windows)
Content-Length: 35
Content-Type: application/json; charset=utf-8
host: localhost:1448
accept: */*

Response DefaultHttpResponse(decodeResult: success, version: HTTP/1.1)
HTTP/1.1 200 OK
Content-Length: 72
Content-Type: application/json; charset=utf-8

16:01:19.352 [AsyncHttpClient-1-2] DEBUG org.asynchttpclient.netty.channel.ChannelManager - Adding key: http://localhost:1448 for channel [id: 0x43daccbb, L:/127.0.0.1:53510 - R:localhost/127.0.0.1:1448]
16:01:19.369 [Test worker] INFO ru.stqa.pft.addressbook.lessons_68.tests.GroupDeletionTests - Start test testGroupCreation
16:01:19.375 [Forwarding findElement on session 3e4951c79d2ede6566ce6a8f9cc5332f to remote] DEBUG org.asynchttpclient.netty.request.NettyRequestSender - Using pooled Channel '[id: 0x43daccbb, L:/127.0.0.1:53510 - R:localhost/127.0.0.1:1448]' for 'POST' to 'http://localhost:1448/session/3e4951c79d2ede6566ce6a8f9cc5332f/element'
16:01:19.376 [Forwarding findElement on session 3e4951c79d2ede6566ce6a8f9cc5332f to remote] DEBUG org.asynchttpclient.netty.request.NettyRequestSender - Using open Channel [id: 0x43daccbb, L:/127.0.0.1:53510 - R:localhost/127.0.0.1:1448] for POST '/session/3e4951c79d2ede6566ce6a8f9cc5332f/element'
16:01:19.497 [AsyncHttpClient-1-2] DEBUG org.asynchttpclient.netty.handler.HttpHandler - 

Request DefaultHttpRequest(decodeResult: success, version: HTTP/1.1)
POST /session/3e4951c79d2ede6566ce6a8f9cc5332f/element HTTP/1.1
User-Agent: selenium/4.0.0-alpha-7 (java windows)
Content-Length: 42
Content-Type: application/json; charset=utf-8
host: localhost:1448
accept: */*

Response DefaultHttpResponse(decodeResult: success, version: HTTP/1.1)
HTTP/1.1 200 OK
Content-Length: 102
Content-Type: application/json; charset=utf-8

16:01:19.497 [AsyncHttpClient-1-2] DEBUG org.asynchttpclient.netty.channel.ChannelManager - Adding key: http://localhost:1448 for channel [id: 0x43daccbb, L:/127.0.0.1:53510 - R:localhost/127.0.0.1:1448]
16:01:19.512 [Forwarding findElement on session 3e4951c79d2ede6566ce6a8f9cc5332f to remote] DEBUG org.asynchttpclient.netty.request.NettyRequestSender - Using pooled Channel '[id: 0x43daccbb, L:/127.0.0.1:53510 - R:localhost/127.0.0.1:1448]' for 'POST' to 'http://localhost:1448/session/3e4951c79d2ede6566ce6a8f9cc5332f/element'
16:01:19.512 [Forwarding findElement on session 3e4951c79d2ede6566ce6a8f9cc5332f to remote] DEBUG org.asynchttpclient.netty.request.NettyRequestSender - Using open Channel [id: 0x43daccbb, L:/127.0.0.1:53510 - R:localhost/127.0.0.1:1448] for POST '/session/3e4951c79d2ede6566ce6a8f9cc5332f/element'
16:01:19.615 [AsyncHttpClient-1-2] DEBUG org.asynchttpclient.netty.handler.HttpHandler - 

Request DefaultHttpRequest(decodeResult: success, version: HTTP/1.1)
POST /session/3e4951c79d2ede6566ce6a8f9cc5332f/element HTTP/1.1
User-Agent: selenium/4.0.0-alpha-7 (java windows)
Content-Length: 42
Content-Type: application/json; charset=utf-8
host: localhost:1448
accept: */*

Response DefaultHttpResponse(decodeResult: success, version: HTTP/1.1)
HTTP/1.1 200 OK
Content-Length: 102
Content-Type: application/json; charset=utf-8

16:01:19.616 [AsyncHttpClient-1-2] DEBUG org.asynchttpclient.netty.channel.ChannelManager - Adding key: http://localhost:1448 for channel [id: 0x43daccbb, L:/127.0.0.1:53510 - R:localhost/127.0.0.1:1448]
16:01:19.631 [Forwarding getElementText on session 3e4951c79d2ede6566ce6a8f9cc5332f to remote] DEBUG org.asynchttpclient.netty.request.NettyRequestSender - Using pooled Channel '[id: 0x43daccbb, L:/127.0.0.1:53510 - R:localhost/127.0.0.1:1448]' for 'GET' to 'http://localhost:1448/session/3e4951c79d2ede6566ce6a8f9cc5332f/element/0.2685154822017417-1/text'
16:01:19.632 [Forwarding getElementText on session 3e4951c79d2ede6566ce6a8f9cc5332f to remote] DEBUG org.asynchttpclient.netty.request.NettyRequestSender - Using open Channel [id: 0x43daccbb, L:/127.0.0.1:53510 - R:localhost/127.0.0.1:1448] for GET '/session/3e4951c79d2ede6566ce6a8f9cc5332f/element/0.2685154822017417-1/text'
16:01:19.679 [AsyncHttpClient-1-2] DEBUG org.asynchttpclient.netty.handler.HttpHandler - 

Request DefaultFullHttpRequest(decodeResult: success, version: HTTP/1.1, content: EmptyByteBufBE)
GET /session/3e4951c79d2ede6566ce6a8f9cc5332f/element/0.2685154822017417-1/text HTTP/1.1
User-Agent: selenium/4.0.0-alpha-7 (java windows)
Cache-Control: no-cache
Content-Type: application/json; charset=utf-8
host: localhost:1448
accept: */*

Response DefaultHttpResponse(decodeResult: success, version: HTTP/1.1)
HTTP/1.1 200 OK
Content-Length: 70
Content-Type: application/json; charset=utf-8

16:01:19.679 [AsyncHttpClient-1-2] DEBUG org.asynchttpclient.netty.channel.ChannelManager - Adding key: http://localhost:1448 for channel [id: 0x43daccbb, L:/127.0.0.1:53510 - R:localhost/127.0.0.1:1448]
16:01:19.681 [Forwarding findElement on session 3e4951c79d2ede6566ce6a8f9cc5332f to remote] DEBUG org.asynchttpclient.netty.request.NettyRequestSender - Using pooled Channel '[id: 0x43daccbb, L:/127.0.0.1:53510 - R:localhost/127.0.0.1:1448]' for 'POST' to 'http://localhost:1448/session/3e4951c79d2ede6566ce6a8f9cc5332f/element'
16:01:19.681 [Forwarding findElement on session 3e4951c79d2ede6566ce6a8f9cc5332f to remote] DEBUG org.asynchttpclient.netty.request.NettyRequestSender - Using open Channel [id: 0x43daccbb, L:/127.0.0.1:53510 - R:localhost/127.0.0.1:1448] for POST '/session/3e4951c79d2ede6566ce6a8f9cc5332f/element'
16:01:19.747 [AsyncHttpClient-1-2] DEBUG org.asynchttpclient.netty.handler.HttpHandler - 

Request DefaultHttpRequest(decodeResult: success, version: HTTP/1.1)
POST /session/3e4951c79d2ede6566ce6a8f9cc5332f/element HTTP/1.1
User-Agent: selenium/4.0.0-alpha-7 (java windows)
Content-Length: 47
Content-Type: application/json; charset=utf-8
host: localhost:1448
accept: */*

Response DefaultHttpResponse(decodeResult: success, version: HTTP/1.1)
HTTP/1.1 200 OK
Content-Length: 102
Content-Type: application/json; charset=utf-8

16:01:19.747 [AsyncHttpClient-1-2] DEBUG org.asynchttpclient.netty.channel.ChannelManager - Adding key: http://localhost:1448 for channel [id: 0x43daccbb, L:/127.0.0.1:53510 - R:localhost/127.0.0.1:1448]
16:01:19.749 [Forwarding clickElement on session 3e4951c79d2ede6566ce6a8f9cc5332f to remote] DEBUG org.asynchttpclient.netty.request.NettyRequestSender - Using pooled Channel '[id: 0x43daccbb, L:/127.0.0.1:53510 - R:localhost/127.0.0.1:1448]' for 'POST' to 'http://localhost:1448/session/3e4951c79d2ede6566ce6a8f9cc5332f/element/0.2685154822017417-2/click'
16:01:19.749 [Forwarding clickElement on session 3e4951c79d2ede6566ce6a8f9cc5332f to remote] DEBUG org.asynchttpclient.netty.request.NettyRequestSender - Using open Channel [id: 0x43daccbb, L:/127.0.0.1:53510 - R:localhost/127.0.0.1:1448] for POST '/session/3e4951c79d2ede6566ce6a8f9cc5332f/element/0.2685154822017417-2/click'
16:01:19.872 [AsyncHttpClient-1-2] DEBUG org.asynchttpclient.netty.handler.HttpHandler - 

Request DefaultHttpRequest(decodeResult: success, version: HTTP/1.1)
POST /session/3e4951c79d2ede6566ce6a8f9cc5332f/element/0.2685154822017417-2/click HTTP/1.1
User-Agent: selenium/4.0.0-alpha-7 (java windows)
Content-Length: 34
Content-Type: application/json; charset=utf-8
host: localhost:1448
accept: */*

Response DefaultHttpResponse(decodeResult: success, version: HTTP/1.1)
HTTP/1.1 200 OK
Content-Length: 72
Content-Type: application/json; charset=utf-8

16:01:19.873 [AsyncHttpClient-1-2] DEBUG org.asynchttpclient.netty.channel.ChannelManager - Adding key: http://localhost:1448 for channel [id: 0x43daccbb, L:/127.0.0.1:53510 - R:localhost/127.0.0.1:1448]
16:01:19.946 [Forwarding findElements on session 3e4951c79d2ede6566ce6a8f9cc5332f to remote] DEBUG org.asynchttpclient.netty.request.NettyRequestSender - Using pooled Channel '[id: 0x43daccbb, L:/127.0.0.1:53510 - R:localhost/127.0.0.1:1448]' for 'POST' to 'http://localhost:1448/session/3e4951c79d2ede6566ce6a8f9cc5332f/elements'
16:01:19.946 [Forwarding findElements on session 3e4951c79d2ede6566ce6a8f9cc5332f to remote] DEBUG org.asynchttpclient.netty.request.NettyRequestSender - Using open Channel [id: 0x43daccbb, L:/127.0.0.1:53510 - R:localhost/127.0.0.1:1448] for POST '/session/3e4951c79d2ede6566ce6a8f9cc5332f/elements'
16:01:20.348 [AsyncHttpClient-1-1] DEBUG org.asynchttpclient.netty.channel.DefaultChannelPool - Entry count for : http://localhost:53512 : 1
16:01:21.448 [AsyncHttpClient-1-1] DEBUG org.asynchttpclient.netty.channel.DefaultChannelPool - Entry count for : http://localhost:53512 : 1
16:01:22.548 [AsyncHttpClient-1-1] DEBUG org.asynchttpclient.netty.channel.DefaultChannelPool - Entry count for : http://localhost:53512 : 1
16:01:23.705 [AsyncHttpClient-1-1] DEBUG org.asynchttpclient.netty.channel.DefaultChannelPool - Entry count for : http://localhost:53512 : 1
16:01:24.800 [AsyncHttpClient-1-1] DEBUG org.asynchttpclient.netty.channel.DefaultChannelPool - Entry count for : http://localhost:53512 : 1
16:01:25.165 [AsyncHttpClient-1-2] DEBUG org.asynchttpclient.netty.handler.HttpHandler - 

Request DefaultHttpRequest(decodeResult: success, version: HTTP/1.1)
POST /session/3e4951c79d2ede6566ce6a8f9cc5332f/elements HTTP/1.1
User-Agent: selenium/4.0.0-alpha-7 (java windows)
Content-Length: 54
Content-Type: application/json; charset=utf-8
host: localhost:1448
accept: */*

Response DefaultHttpResponse(decodeResult: success, version: HTTP/1.1)
HTTP/1.1 200 OK
Content-Length: 70
Content-Type: application/json; charset=utf-8

16:01:25.165 [AsyncHttpClient-1-2] DEBUG org.asynchttpclient.netty.channel.ChannelManager - Adding key: http://localhost:1448 for channel [id: 0x43daccbb, L:/127.0.0.1:53510 - R:localhost/127.0.0.1:1448]
16:01:25.220 [Forwarding findElement on session 3e4951c79d2ede6566ce6a8f9cc5332f to remote] DEBUG org.asynchttpclient.netty.request.NettyRequestSender - Using pooled Channel '[id: 0x43daccbb, L:/127.0.0.1:53510 - R:localhost/127.0.0.1:1448]' for 'POST' to 'http://localhost:1448/session/3e4951c79d2ede6566ce6a8f9cc5332f/element'
16:01:25.220 [Forwarding findElement on session 3e4951c79d2ede6566ce6a8f9cc5332f to remote] DEBUG org.asynchttpclient.netty.request.NettyRequestSender - Using open Channel [id: 0x43daccbb, L:/127.0.0.1:53510 - R:localhost/127.0.0.1:1448] for POST '/session/3e4951c79d2ede6566ce6a8f9cc5332f/element'
16:01:25.848 [AsyncHttpClient-1-1] DEBUG org.asynchttpclient.netty.channel.DefaultChannelPool - Entry count for : http://localhost:53512 : 1
16:01:26.948 [AsyncHttpClient-1-1] DEBUG org.asynchttpclient.netty.channel.DefaultChannelPool - Entry count for : http://localhost:53512 : 1
16:01:28.049 [AsyncHttpClient-1-1] DEBUG org.asynchttpclient.netty.channel.DefaultChannelPool - Entry count for : http://localhost:53512 : 1
16:01:29.149 [AsyncHttpClient-1-1] DEBUG org.asynchttpclient.netty.channel.DefaultChannelPool - Entry count for : http://localhost:53512 : 1
16:01:30.259 [AsyncHttpClient-1-1] DEBUG org.asynchttpclient.netty.channel.DefaultChannelPool - Entry count for : http://localhost:53512 : 1
16:01:30.438 [AsyncHttpClient-1-2] DEBUG org.asynchttpclient.netty.handler.HttpHandler - 

Request DefaultHttpRequest(decodeResult: success, version: HTTP/1.1)
POST /session/3e4951c79d2ede6566ce6a8f9cc5332f/element HTTP/1.1
User-Agent: selenium/4.0.0-alpha-7 (java windows)
Content-Length: 39
Content-Type: application/json; charset=utf-8
host: localhost:1448
accept: */*

Response DefaultHttpResponse(decodeResult: success, version: HTTP/1.1)
HTTP/1.1 200 OK
Content-Length: 364
Content-Type: application/json; charset=utf-8

16:01:30.440 [AsyncHttpClient-1-2] DEBUG org.asynchttpclient.netty.channel.ChannelManager - Adding key: http://localhost:1448 for channel [id: 0x43daccbb, L:/127.0.0.1:53510 - R:localhost/127.0.0.1:1448]
16:01:37.531 [Test worker] INFO ru.stqa.pft.addressbook.lessons_68.tests.GroupDeletionTests - Start test testGroupCreation
16:01:37.533 [Forwarding findElement on session 3e4951c79d2ede6566ce6a8f9cc5332f to remote] DEBUG org.asynchttpclient.netty.request.NettyRequestSender - Using pooled Channel '[id: 0x43daccbb, L:/127.0.0.1:53510 - R:localhost/127.0.0.1:1448]' for 'POST' to 'http://localhost:1448/session/3e4951c79d2ede6566ce6a8f9cc5332f/element'
16:01:37.533 [Forwarding findElement on session 3e4951c79d2ede6566ce6a8f9cc5332f to remote] DEBUG org.asynchttpclient.netty.request.NettyRequestSender - Using open Channel [id: 0x43daccbb, L:/127.0.0.1:53510 - R:localhost/127.0.0.1:1448] for POST '/session/3e4951c79d2ede6566ce6a8f9cc5332f/element'
16:01:37.580 [AsyncHttpClient-1-2] DEBUG org.asynchttpclient.netty.handler.HttpHandler - 

Request DefaultHttpRequest(decodeResult: success, version: HTTP/1.1)
POST /session/3e4951c79d2ede6566ce6a8f9cc5332f/element HTTP/1.1
User-Agent: selenium/4.0.0-alpha-7 (java windows)
Content-Length: 42
Content-Type: application/json; charset=utf-8
host: localhost:1448
accept: */*

Response DefaultHttpResponse(decodeResult: success, version: HTTP/1.1)
HTTP/1.1 200 OK
Content-Length: 102
Content-Type: application/json; charset=utf-8

16:01:37.581 [AsyncHttpClient-1-2] DEBUG org.asynchttpclient.netty.channel.ChannelManager - Adding key: http://localhost:1448 for channel [id: 0x43daccbb, L:/127.0.0.1:53510 - R:localhost/127.0.0.1:1448]
16:01:37.582 [Forwarding findElement on session 3e4951c79d2ede6566ce6a8f9cc5332f to remote] DEBUG org.asynchttpclient.netty.request.NettyRequestSender - Using pooled Channel '[id: 0x43daccbb, L:/127.0.0.1:53510 - R:localhost/127.0.0.1:1448]' for 'POST' to 'http://localhost:1448/session/3e4951c79d2ede6566ce6a8f9cc5332f/element'
16:01:37.582 [Forwarding findElement on session 3e4951c79d2ede6566ce6a8f9cc5332f to remote] DEBUG org.asynchttpclient.netty.request.NettyRequestSender - Using open Channel [id: 0x43daccbb, L:/127.0.0.1:53510 - R:localhost/127.0.0.1:1448] for POST '/session/3e4951c79d2ede6566ce6a8f9cc5332f/element'
16:01:37.597 [AsyncHttpClient-1-2] DEBUG org.asynchttpclient.netty.handler.HttpHandler - 

Request DefaultHttpRequest(decodeResult: success, version: HTTP/1.1)
POST /session/3e4951c79d2ede6566ce6a8f9cc5332f/element HTTP/1.1
User-Agent: selenium/4.0.0-alpha-7 (java windows)
Content-Length: 42
Content-Type: application/json; charset=utf-8
host: localhost:1448
accept: */*

Response DefaultHttpResponse(decodeResult: success, version: HTTP/1.1)
HTTP/1.1 200 OK
Content-Length: 102
Content-Type: application/json; charset=utf-8

16:01:37.597 [AsyncHttpClient-1-2] DEBUG org.asynchttpclient.netty.channel.ChannelManager - Adding key: http://localhost:1448 for channel [id: 0x43daccbb, L:/127.0.0.1:53510 - R:localhost/127.0.0.1:1448]
16:01:37.598 [Forwarding getElementText on session 3e4951c79d2ede6566ce6a8f9cc5332f to remote] DEBUG org.asynchttpclient.netty.request.NettyRequestSender - Using pooled Channel '[id: 0x43daccbb, L:/127.0.0.1:53510 - R:localhost/127.0.0.1:1448]' for 'GET' to 'http://localhost:1448/session/3e4951c79d2ede6566ce6a8f9cc5332f/element/0.5931035201891923-1/text'
16:01:37.598 [Forwarding getElementText on session 3e4951c79d2ede6566ce6a8f9cc5332f to remote] DEBUG org.asynchttpclient.netty.request.NettyRequestSender - Using open Channel [id: 0x43daccbb, L:/127.0.0.1:53510 - R:localhost/127.0.0.1:1448] for GET '/session/3e4951c79d2ede6566ce6a8f9cc5332f/element/0.5931035201891923-1/text'
16:01:37.626 [AsyncHttpClient-1-2] DEBUG org.asynchttpclient.netty.handler.HttpHandler - 

Request DefaultFullHttpRequest(decodeResult: success, version: HTTP/1.1, content: EmptyByteBufBE)
GET /session/3e4951c79d2ede6566ce6a8f9cc5332f/element/0.5931035201891923-1/text HTTP/1.1
User-Agent: selenium/4.0.0-alpha-7 (java windows)
Cache-Control: no-cache
Content-Type: application/json; charset=utf-8
host: localhost:1448
accept: */*

Response DefaultHttpResponse(decodeResult: success, version: HTTP/1.1)
HTTP/1.1 200 OK
Content-Length: 70
Content-Type: application/json; charset=utf-8

16:01:37.626 [AsyncHttpClient-1-2] DEBUG org.asynchttpclient.netty.channel.ChannelManager - Adding key: http://localhost:1448 for channel [id: 0x43daccbb, L:/127.0.0.1:53510 - R:localhost/127.0.0.1:1448]
16:01:37.628 [Forwarding findElement on session 3e4951c79d2ede6566ce6a8f9cc5332f to remote] DEBUG org.asynchttpclient.netty.request.NettyRequestSender - Using pooled Channel '[id: 0x43daccbb, L:/127.0.0.1:53510 - R:localhost/127.0.0.1:1448]' for 'POST' to 'http://localhost:1448/session/3e4951c79d2ede6566ce6a8f9cc5332f/element'
16:01:37.629 [Forwarding findElement on session 3e4951c79d2ede6566ce6a8f9cc5332f to remote] DEBUG org.asynchttpclient.netty.request.NettyRequestSender - Using open Channel [id: 0x43daccbb, L:/127.0.0.1:53510 - R:localhost/127.0.0.1:1448] for POST '/session/3e4951c79d2ede6566ce6a8f9cc5332f/element'
16:01:37.676 [AsyncHttpClient-1-2] DEBUG org.asynchttpclient.netty.handler.HttpHandler - 

Request DefaultHttpRequest(decodeResult: success, version: HTTP/1.1)
POST /session/3e4951c79d2ede6566ce6a8f9cc5332f/element HTTP/1.1
User-Agent: selenium/4.0.0-alpha-7 (java windows)
Content-Length: 47
Content-Type: application/json; charset=utf-8
host: localhost:1448
accept: */*

Response DefaultHttpResponse(decodeResult: success, version: HTTP/1.1)
HTTP/1.1 200 OK
Content-Length: 102
Content-Type: application/json; charset=utf-8

16:01:37.676 [AsyncHttpClient-1-2] DEBUG org.asynchttpclient.netty.channel.ChannelManager - Adding key: http://localhost:1448 for channel [id: 0x43daccbb, L:/127.0.0.1:53510 - R:localhost/127.0.0.1:1448]
16:01:37.677 [Forwarding clickElement on session 3e4951c79d2ede6566ce6a8f9cc5332f to remote] DEBUG org.asynchttpclient.netty.request.NettyRequestSender - Using pooled Channel '[id: 0x43daccbb, L:/127.0.0.1:53510 - R:localhost/127.0.0.1:1448]' for 'POST' to 'http://localhost:1448/session/3e4951c79d2ede6566ce6a8f9cc5332f/element/0.5931035201891923-2/click'
16:01:37.678 [Forwarding clickElement on session 3e4951c79d2ede6566ce6a8f9cc5332f to remote] DEBUG org.asynchttpclient.netty.request.NettyRequestSender - Using open Channel [id: 0x43daccbb, L:/127.0.0.1:53510 - R:localhost/127.0.0.1:1448] for POST '/session/3e4951c79d2ede6566ce6a8f9cc5332f/element/0.5931035201891923-2/click'
16:01:37.961 [AsyncHttpClient-1-1] DEBUG org.asynchttpclient.netty.channel.DefaultChannelPool - Entry count for : http://localhost:53512 : 1
16:01:38.066 [AsyncHttpClient-1-2] DEBUG org.asynchttpclient.netty.handler.HttpHandler - 

Request DefaultHttpRequest(decodeResult: success, version: HTTP/1.1)
POST /session/3e4951c79d2ede6566ce6a8f9cc5332f/element/0.5931035201891923-2/click HTTP/1.1
User-Agent: selenium/4.0.0-alpha-7 (java windows)
Content-Length: 34
Content-Type: application/json; charset=utf-8
host: localhost:1448
accept: */*

Response DefaultHttpResponse(decodeResult: success, version: HTTP/1.1)
HTTP/1.1 200 OK
Content-Length: 72
Content-Type: application/json; charset=utf-8

16:01:38.066 [AsyncHttpClient-1-2] DEBUG org.asynchttpclient.netty.channel.ChannelManager - Adding key: http://localhost:1448 for channel [id: 0x43daccbb, L:/127.0.0.1:53510 - R:localhost/127.0.0.1:1448]
16:01:38.077 [Forwarding findElements on session 3e4951c79d2ede6566ce6a8f9cc5332f to remote] DEBUG org.asynchttpclient.netty.request.NettyRequestSender - Using pooled Channel '[id: 0x43daccbb, L:/127.0.0.1:53510 - R:localhost/127.0.0.1:1448]' for 'POST' to 'http://localhost:1448/session/3e4951c79d2ede6566ce6a8f9cc5332f/elements'
16:01:38.077 [Forwarding findElements on session 3e4951c79d2ede6566ce6a8f9cc5332f to remote] DEBUG org.asynchttpclient.netty.request.NettyRequestSender - Using open Channel [id: 0x43daccbb, L:/127.0.0.1:53510 - R:localhost/127.0.0.1:1448] for POST '/session/3e4951c79d2ede6566ce6a8f9cc5332f/elements'
16:01:38.113 [AsyncHttpClient-1-2] DEBUG org.asynchttpclient.netty.handler.HttpHandler - 

Request DefaultHttpRequest(decodeResult: success, version: HTTP/1.1)
POST /session/3e4951c79d2ede6566ce6a8f9cc5332f/elements HTTP/1.1
User-Agent: selenium/4.0.0-alpha-7 (java windows)
Content-Length: 54
Content-Type: application/json; charset=utf-8
host: localhost:1448
accept: */*

Response DefaultHttpResponse(decodeResult: success, version: HTTP/1.1)
HTTP/1.1 200 OK
Content-Length: 2502
Content-Type: application/json; charset=utf-8

16:01:38.114 [AsyncHttpClient-1-2] DEBUG org.asynchttpclient.netty.channel.ChannelManager - Adding key: http://localhost:1448 for channel [id: 0x43daccbb, L:/127.0.0.1:53510 - R:localhost/127.0.0.1:1448]
16:01:38.143 [Forwarding getElementText on session 3e4951c79d2ede6566ce6a8f9cc5332f to remote] DEBUG org.asynchttpclient.netty.request.NettyRequestSender - Using pooled Channel '[id: 0x43daccbb, L:/127.0.0.1:53510 - R:localhost/127.0.0.1:1448]' for 'GET' to 'http://localhost:1448/session/3e4951c79d2ede6566ce6a8f9cc5332f/element/0.02340666321763929-1/text'
16:01:38.143 [Forwarding getElementText on session 3e4951c79d2ede6566ce6a8f9cc5332f to remote] DEBUG org.asynchttpclient.netty.request.NettyRequestSender - Using open Channel [id: 0x43daccbb, L:/127.0.0.1:53510 - R:localhost/127.0.0.1:1448] for GET '/session/3e4951c79d2ede6566ce6a8f9cc5332f/element/0.02340666321763929-1/text'
16:01:38.166 [AsyncHttpClient-1-2] DEBUG org.asynchttpclient.netty.handler.HttpHandler - 

Request DefaultFullHttpRequest(decodeResult: success, version: HTTP/1.1, content: EmptyByteBufBE)
GET /session/3e4951c79d2ede6566ce6a8f9cc5332f/element/0.02340666321763929-1/text HTTP/1.1
User-Agent: selenium/4.0.0-alpha-7 (java windows)
Cache-Control: no-cache
Content-Type: application/json; charset=utf-8
host: localhost:1448
accept: */*

Response DefaultHttpResponse(decodeResult: success, version: HTTP/1.1)
HTTP/1.1 200 OK
Content-Length: 76
Content-Type: application/json; charset=utf-8

16:01:38.166 [AsyncHttpClient-1-2] DEBUG org.asynchttpclient.netty.channel.ChannelManager - Adding key: http://localhost:1448 for channel [id: 0x43daccbb, L:/127.0.0.1:53510 - R:localhost/127.0.0.1:1448]
16:01:38.175 [Forwarding findChildElement on session 3e4951c79d2ede6566ce6a8f9cc5332f to remote] DEBUG org.asynchttpclient.netty.request.NettyRequestSender - Using pooled Channel '[id: 0x43daccbb, L:/127.0.0.1:53510 - R:localhost/127.0.0.1:1448]' for 'POST' to 'http://localhost:1448/session/3e4951c79d2ede6566ce6a8f9cc5332f/element/0.02340666321763929-1/element'
16:01:38.175 [Forwarding findChildElement on session 3e4951c79d2ede6566ce6a8f9cc5332f to remote] DEBUG org.asynchttpclient.netty.request.NettyRequestSender - Using open Channel [id: 0x43daccbb, L:/127.0.0.1:53510 - R:localhost/127.0.0.1:1448] for POST '/session/3e4951c79d2ede6566ce6a8f9cc5332f/element/0.02340666321763929-1/element'
16:01:38.198 [AsyncHttpClient-1-2] DEBUG org.asynchttpclient.netty.handler.HttpHandler - 

Request DefaultHttpRequest(decodeResult: success, version: HTTP/1.1)
POST /session/3e4951c79d2ede6566ce6a8f9cc5332f/element/0.02340666321763929-1/element HTTP/1.1
User-Agent: selenium/4.0.0-alpha-7 (java windows)
Content-Length: 78
Content-Type: application/json; charset=utf-8
host: localhost:1448
accept: */*

Response DefaultHttpResponse(decodeResult: success, version: HTTP/1.1)
HTTP/1.1 200 OK
Content-Length: 104
Content-Type: application/json; charset=utf-8

16:01:38.198 [AsyncHttpClient-1-2] DEBUG org.asynchttpclient.netty.channel.ChannelManager - Adding key: http://localhost:1448 for channel [id: 0x43daccbb, L:/127.0.0.1:53510 - R:localhost/127.0.0.1:1448]
16:01:38.199 [Forwarding getElementAttribute on session 3e4951c79d2ede6566ce6a8f9cc5332f to remote] DEBUG org.asynchttpclient.netty.request.NettyRequestSender - Using pooled Channel '[id: 0x43daccbb, L:/127.0.0.1:53510 - R:localhost/127.0.0.1:1448]' for 'GET' to 'http://localhost:1448/session/3e4951c79d2ede6566ce6a8f9cc5332f/element/0.02340666321763929-67/attribute/value'
16:01:38.199 [Forwarding getElementAttribute on session 3e4951c79d2ede6566ce6a8f9cc5332f to remote] DEBUG org.asynchttpclient.netty.request.NettyRequestSender - Using open Channel [id: 0x43daccbb, L:/127.0.0.1:53510 - R:localhost/127.0.0.1:1448] for GET '/session/3e4951c79d2ede6566ce6a8f9cc5332f/element/0.02340666321763929-67/attribute/value'
16:01:38.228 [AsyncHttpClient-1-2] DEBUG org.asynchttpclient.netty.handler.HttpHandler - 

Request DefaultFullHttpRequest(decodeResult: success, version: HTTP/1.1, content: EmptyByteBufBE)
GET /session/3e4951c79d2ede6566ce6a8f9cc5332f/element/0.02340666321763929-67/attribute/value HTTP/1.1
User-Agent: selenium/4.0.0-alpha-7 (java windows)
Cache-Control: no-cache
Content-Type: application/json; charset=utf-8
host: localhost:1448
accept: */*

Response DefaultHttpResponse(decodeResult: success, version: HTTP/1.1)
HTTP/1.1 200 OK
Content-Length: 72
Content-Type: application/json; charset=utf-8

16:01:38.229 [AsyncHttpClient-1-2] DEBUG org.asynchttpclient.netty.channel.ChannelManager - Adding key: http://localhost:1448 for channel [id: 0x43daccbb, L:/127.0.0.1:53510 - R:localhost/127.0.0.1:1448]
16:01:38.230 [Forwarding getElementText on session 3e4951c79d2ede6566ce6a8f9cc5332f to remote] DEBUG org.asynchttpclient.netty.request.NettyRequestSender - Using pooled Channel '[id: 0x43daccbb, L:/127.0.0.1:53510 - R:localhost/127.0.0.1:1448]' for 'GET' to 'http://localhost:1448/session/3e4951c79d2ede6566ce6a8f9cc5332f/element/0.02340666321763929-2/text'
16:01:38.230 [Forwarding getElementText on session 3e4951c79d2ede6566ce6a8f9cc5332f to remote] DEBUG org.asynchttpclient.netty.request.NettyRequestSender - Using open Channel [id: 0x43daccbb, L:/127.0.0.1:53510 - R:localhost/127.0.0.1:1448] for GET '/session/3e4951c79d2ede6566ce6a8f9cc5332f/element/0.02340666321763929-2/text'
16:01:38.247 [AsyncHttpClient-1-2] DEBUG org.asynchttpclient.netty.handler.HttpHandler - 

Request DefaultFullHttpRequest(decodeResult: success, version: HTTP/1.1, content: EmptyByteBufBE)
GET /session/3e4951c79d2ede6566ce6a8f9cc5332f/element/0.02340666321763929-2/text HTTP/1.1
User-Agent: selenium/4.0.0-alpha-7 (java windows)
Cache-Control: no-cache
Content-Type: application/json; charset=utf-8
host: localhost:1448
accept: */*

Response DefaultHttpResponse(decodeResult: success, version: HTTP/1.1)
HTTP/1.1 200 OK
Content-Length: 76
Content-Type: application/json; charset=utf-8

16:01:38.248 [AsyncHttpClient-1-2] DEBUG org.asynchttpclient.netty.channel.ChannelManager - Adding key: http://localhost:1448 for channel [id: 0x43daccbb, L:/127.0.0.1:53510 - R:localhost/127.0.0.1:1448]
16:01:38.257 [Forwarding findChildElement on session 3e4951c79d2ede6566ce6a8f9cc5332f to remote] DEBUG org.asynchttpclient.netty.request.NettyRequestSender - Using pooled Channel '[id: 0x43daccbb, L:/127.0.0.1:53510 - R:localhost/127.0.0.1:1448]' for 'POST' to 'http://localhost:1448/session/3e4951c79d2ede6566ce6a8f9cc5332f/element/0.02340666321763929-2/element'
16:01:38.257 [Forwarding findChildElement on session 3e4951c79d2ede6566ce6a8f9cc5332f to remote] DEBUG org.asynchttpclient.netty.request.NettyRequestSender - Using open Channel [id: 0x43daccbb, L:/127.0.0.1:53510 - R:localhost/127.0.0.1:1448] for POST '/session/3e4951c79d2ede6566ce6a8f9cc5332f/element/0.02340666321763929-2/element'
16:01:38.282 [AsyncHttpClient-1-2] DEBUG org.asynchttpclient.netty.handler.HttpHandler - 

Request DefaultHttpRequest(decodeResult: success, version: HTTP/1.1)
POST /session/3e4951c79d2ede6566ce6a8f9cc5332f/element/0.02340666321763929-2/element HTTP/1.1
User-Agent: selenium/4.0.0-alpha-7 (java windows)
Content-Length: 78
Content-Type: application/json; charset=utf-8
host: localhost:1448
accept: */*

Response DefaultHttpResponse(decodeResult: success, version: HTTP/1.1)
HTTP/1.1 200 OK
Content-Length: 104
Content-Type: application/json; charset=utf-8

16:01:38.282 [AsyncHttpClient-1-2] DEBUG org.asynchttpclient.netty.channel.ChannelManager - Adding key: http://localhost:1448 for channel [id: 0x43daccbb, L:/127.0.0.1:53510 - R:localhost/127.0.0.1:1448]
16:01:38.283 [Forwarding getElementAttribute on session 3e4951c79d2ede6566ce6a8f9cc5332f to remote] DEBUG org.asynchttpclient.netty.request.NettyRequestSender - Using pooled Channel '[id: 0x43daccbb, L:/127.0.0.1:53510 - R:localhost/127.0.0.1:1448]' for 'GET' to 'http://localhost:1448/session/3e4951c79d2ede6566ce6a8f9cc5332f/element/0.02340666321763929-68/attribute/value'
16:01:38.284 [Forwarding getElementAttribute on session 3e4951c79d2ede6566ce6a8f9cc5332f to remote] DEBUG org.asynchttpclient.netty.request.NettyRequestSender - Using open Channel [id: 0x43daccbb, L:/127.0.0.1:53510 - R:localhost/127.0.0.1:1448] for GET '/session/3e4951c79d2ede6566ce6a8f9cc5332f/element/0.02340666321763929-68/attribute/value'
16:01:38.343 [AsyncHttpClient-1-2] DEBUG org.asynchttpclient.netty.handler.HttpHandler - 

Request DefaultFullHttpRequest(decodeResult: success, version: HTTP/1.1, content: EmptyByteBufBE)
GET /session/3e4951c79d2ede6566ce6a8f9cc5332f/element/0.02340666321763929-68/attribute/value HTTP/1.1
User-Agent: selenium/4.0.0-alpha-7 (java windows)
Cache-Control: no-cache
Content-Type: application/json; charset=utf-8
host: localhost:1448
accept: */*

Response DefaultHttpResponse(decodeResult: success, version: HTTP/1.1)
HTTP/1.1 200 OK
Content-Length: 72
Content-Type: application/json; charset=utf-8

16:01:38.343 [AsyncHttpClient-1-2] DEBUG org.asynchttpclient.netty.channel.ChannelManager - Adding key: http://localhost:1448 for channel [id: 0x43daccbb, L:/127.0.0.1:53510 - R:localhost/127.0.0.1:1448]
[...]
16:01:57.855 [Forwarding getElementText on session 3e4951c79d2ede6566ce6a8f9cc5332f to remote] DEBUG org.asynchttpclient.netty.request.NettyRequestSender - Using open Channel [id: 0x43daccbb, L:/127.0.0.1:53510 - R:localhost/127.0.0.1:1448] for GET '/session/3e4951c79d2ede6566ce6a8f9cc5332f/element/0.330135430821078-64/text'
16:01:57.865 [AsyncHttpClient-1-2] DEBUG org.asynchttpclient.netty.handler.HttpHandler - 

Request DefaultFullHttpRequest(decodeResult: success, version: HTTP/1.1, content: EmptyByteBufBE)
GET /session/3e4951c79d2ede6566ce6a8f9cc5332f/element/0.330135430821078-64/text HTTP/1.1
User-Agent: selenium/4.0.0-alpha-7 (java windows)
Cache-Control: no-cache
Content-Type: application/json; charset=utf-8
host: localhost:1448
accept: */*

Response DefaultHttpResponse(decodeResult: success, version: HTTP/1.1)
HTTP/1.1 200 OK
Content-Length: 75
Content-Type: application/json; charset=utf-8

16:01:57.865 [AsyncHttpClient-1-2] DEBUG org.asynchttpclient.netty.channel.ChannelManager - Adding key: http://localhost:1448 for channel [id: 0x43daccbb, L:/127.0.0.1:53510 - R:localhost/127.0.0.1:1448]
16:01:57.866 [Forwarding findChildElement on session 3e4951c79d2ede6566ce6a8f9cc5332f to remote] DEBUG org.asynchttpclient.netty.request.NettyRequestSender - Using pooled Channel '[id: 0x43daccbb, L:/127.0.0.1:53510 - R:localhost/127.0.0.1:1448]' for 'POST' to 'http://localhost:1448/session/3e4951c79d2ede6566ce6a8f9cc5332f/element/0.330135430821078-64/element'
16:01:57.866 [Forwarding findChildElement on session 3e4951c79d2ede6566ce6a8f9cc5332f to remote] DEBUG org.asynchttpclient.netty.request.NettyRequestSender - Using open Channel [id: 0x43daccbb, L:/127.0.0.1:53510 - R:localhost/127.0.0.1:1448] for POST '/session/3e4951c79d2ede6566ce6a8f9cc5332f/element/0.330135430821078-64/element'
16:01:57.876 [AsyncHttpClient-1-2] DEBUG org.asynchttpclient.netty.handler.HttpHandler - 

Request DefaultHttpRequest(decodeResult: success, version: HTTP/1.1)
POST /session/3e4951c79d2ede6566ce6a8f9cc5332f/element/0.330135430821078-64/element HTTP/1.1
User-Agent: selenium/4.0.0-alpha-7 (java windows)
Content-Length: 77
Content-Type: application/json; charset=utf-8
host: localhost:1448
accept: */*

Response DefaultHttpResponse(decodeResult: success, version: HTTP/1.1)
HTTP/1.1 200 OK
Content-Length: 103
Content-Type: application/json; charset=utf-8

16:01:57.876 [AsyncHttpClient-1-2] DEBUG org.asynchttpclient.netty.channel.ChannelManager - Adding key: http://localhost:1448 for channel [id: 0x43daccbb, L:/127.0.0.1:53510 - R:localhost/127.0.0.1:1448]
16:01:57.877 [Forwarding getElementAttribute on session 3e4951c79d2ede6566ce6a8f9cc5332f to remote] DEBUG org.asynchttpclient.netty.request.NettyRequestSender - Using pooled Channel '[id: 0x43daccbb, L:/127.0.0.1:53510 - R:localhost/127.0.0.1:1448]' for 'GET' to 'http://localhost:1448/session/3e4951c79d2ede6566ce6a8f9cc5332f/element/0.330135430821078-131/attribute/value'
16:01:57.877 [Forwarding getElementAttribute on session 3e4951c79d2ede6566ce6a8f9cc5332f to remote] DEBUG org.asynchttpclient.netty.request.NettyRequestSender - Using open Channel [id: 0x43daccbb, L:/127.0.0.1:53510 - R:localhost/127.0.0.1:1448] for GET '/session/3e4951c79d2ede6566ce6a8f9cc5332f/element/0.330135430821078-131/attribute/value'
16:01:57.884 [AsyncHttpClient-1-2] DEBUG org.asynchttpclient.netty.handler.HttpHandler - 

Request DefaultFullHttpRequest(decodeResult: success, version: HTTP/1.1, content: EmptyByteBufBE)
GET /session/3e4951c79d2ede6566ce6a8f9cc5332f/element/0.330135430821078-131/attribute/value HTTP/1.1
User-Agent: selenium/4.0.0-alpha-7 (java windows)
Cache-Control: no-cache
Content-Type: application/json; charset=utf-8
host: localhost:1448
accept: */*

Response DefaultHttpResponse(decodeResult: success, version: HTTP/1.1)
HTTP/1.1 200 OK
Content-Length: 72
Content-Type: application/json; charset=utf-8

16:01:57.884 [AsyncHttpClient-1-2] DEBUG org.asynchttpclient.netty.channel.ChannelManager - Adding key: http://localhost:1448 for channel [id: 0x43daccbb, L:/127.0.0.1:53510 - R:localhost/127.0.0.1:1448]
16:01:57.885 [Forwarding getElementText on session 3e4951c79d2ede6566ce6a8f9cc5332f to remote] DEBUG org.asynchttpclient.netty.request.NettyRequestSender - Using pooled Channel '[id: 0x43daccbb, L:/127.0.0.1:53510 - R:localhost/127.0.0.1:1448]' for 'GET' to 'http://localhost:1448/session/3e4951c79d2ede6566ce6a8f9cc5332f/element/0.330135430821078-65/text'
16:01:57.885 [Forwarding getElementText on session 3e4951c79d2ede6566ce6a8f9cc5332f to remote] DEBUG org.asynchttpclient.netty.request.NettyRequestSender - Using open Channel [id: 0x43daccbb, L:/127.0.0.1:53510 - R:localhost/127.0.0.1:1448] for GET '/session/3e4951c79d2ede6566ce6a8f9cc5332f/element/0.330135430821078-65/text'
16:01:57.896 [AsyncHttpClient-1-2] DEBUG org.asynchttpclient.netty.handler.HttpHandler - 

Request DefaultFullHttpRequest(decodeResult: success, version: HTTP/1.1, content: EmptyByteBufBE)
GET /session/3e4951c79d2ede6566ce6a8f9cc5332f/element/0.330135430821078-65/text HTTP/1.1
User-Agent: selenium/4.0.0-alpha-7 (java windows)
Cache-Control: no-cache
Content-Type: application/json; charset=utf-8
host: localhost:1448
accept: */*

Response DefaultHttpResponse(decodeResult: success, version: HTTP/1.1)
HTTP/1.1 200 OK
Content-Length: 75
Content-Type: application/json; charset=utf-8

16:01:57.896 [AsyncHttpClient-1-2] DEBUG org.asynchttpclient.netty.channel.ChannelManager - Adding key: http://localhost:1448 for channel [id: 0x43daccbb, L:/127.0.0.1:53510 - R:localhost/127.0.0.1:1448]
16:01:57.896 [Forwarding findChildElement on session 3e4951c79d2ede6566ce6a8f9cc5332f to remote] DEBUG org.asynchttpclient.netty.request.NettyRequestSender - Using pooled Channel '[id: 0x43daccbb, L:/127.0.0.1:53510 - R:localhost/127.0.0.1:1448]' for 'POST' to 'http://localhost:1448/session/3e4951c79d2ede6566ce6a8f9cc5332f/element/0.330135430821078-65/element'
16:01:57.896 [Forwarding findChildElement on session 3e4951c79d2ede6566ce6a8f9cc5332f to remote] DEBUG org.asynchttpclient.netty.request.NettyRequestSender - Using open Channel [id: 0x43daccbb, L:/127.0.0.1:53510 - R:localhost/127.0.0.1:1448] for POST '/session/3e4951c79d2ede6566ce6a8f9cc5332f/element/0.330135430821078-65/element'
16:01:57.906 [AsyncHttpClient-1-2] DEBUG org.asynchttpclient.netty.handler.HttpHandler - 

Request DefaultHttpRequest(decodeResult: success, version: HTTP/1.1)
POST /session/3e4951c79d2ede6566ce6a8f9cc5332f/element/0.330135430821078-65/element HTTP/1.1
User-Agent: selenium/4.0.0-alpha-7 (java windows)
Content-Length: 77
Content-Type: application/json; charset=utf-8
host: localhost:1448
accept: */*

Response DefaultHttpResponse(decodeResult: success, version: HTTP/1.1)
HTTP/1.1 200 OK
Content-Length: 103
Content-Type: application/json; charset=utf-8

16:01:57.906 [AsyncHttpClient-1-2] DEBUG org.asynchttpclient.netty.channel.ChannelManager - Adding key: http://localhost:1448 for channel [id: 0x43daccbb, L:/127.0.0.1:53510 - R:localhost/127.0.0.1:1448]
16:01:57.906 [Forwarding getElementAttribute on session 3e4951c79d2ede6566ce6a8f9cc5332f to remote] DEBUG org.asynchttpclient.netty.request.NettyRequestSender - Using pooled Channel '[id: 0x43daccbb, L:/127.0.0.1:53510 - R:localhost/127.0.0.1:1448]' for 'GET' to 'http://localhost:1448/session/3e4951c79d2ede6566ce6a8f9cc5332f/element/0.330135430821078-132/attribute/value'
16:01:57.906 [Forwarding getElementAttribute on session 3e4951c79d2ede6566ce6a8f9cc5332f to remote] DEBUG org.asynchttpclient.netty.request.NettyRequestSender - Using open Channel [id: 0x43daccbb, L:/127.0.0.1:53510 - R:localhost/127.0.0.1:1448] for GET '/session/3e4951c79d2ede6566ce6a8f9cc5332f/element/0.330135430821078-132/attribute/value'
16:01:57.914 [AsyncHttpClient-1-2] DEBUG org.asynchttpclient.netty.handler.HttpHandler - 

Request DefaultFullHttpRequest(decodeResult: success, version: HTTP/1.1, content: EmptyByteBufBE)
GET /session/3e4951c79d2ede6566ce6a8f9cc5332f/element/0.330135430821078-132/attribute/value HTTP/1.1
User-Agent: selenium/4.0.0-alpha-7 (java windows)
Cache-Control: no-cache
Content-Type: application/json; charset=utf-8
host: localhost:1448
accept: */*

Response DefaultHttpResponse(decodeResult: success, version: HTTP/1.1)
HTTP/1.1 200 OK
Content-Length: 72
Content-Type: application/json; charset=utf-8

16:01:57.914 [AsyncHttpClient-1-2] DEBUG org.asynchttpclient.netty.channel.ChannelManager - Adding key: http://localhost:1448 for channel [id: 0x43daccbb, L:/127.0.0.1:53510 - R:localhost/127.0.0.1:1448]
16:01:57.914 [Forwarding getElementText on session 3e4951c79d2ede6566ce6a8f9cc5332f to remote] DEBUG org.asynchttpclient.netty.request.NettyRequestSender - Using pooled Channel '[id: 0x43daccbb, L:/127.0.0.1:53510 - R:localhost/127.0.0.1:1448]' for 'GET' to 'http://localhost:1448/session/3e4951c79d2ede6566ce6a8f9cc5332f/element/0.330135430821078-66/text'
16:01:57.914 [Forwarding getElementText on session 3e4951c79d2ede6566ce6a8f9cc5332f to remote] DEBUG org.asynchttpclient.netty.request.NettyRequestSender - Using open Channel [id: 0x43daccbb, L:/127.0.0.1:53510 - R:localhost/127.0.0.1:1448] for GET '/session/3e4951c79d2ede6566ce6a8f9cc5332f/element/0.330135430821078-66/text'
16:01:57.925 [AsyncHttpClient-1-2] DEBUG org.asynchttpclient.netty.handler.HttpHandler - 

Request DefaultFullHttpRequest(decodeResult: success, version: HTTP/1.1, content: EmptyByteBufBE)
GET /session/3e4951c79d2ede6566ce6a8f9cc5332f/element/0.330135430821078-66/text HTTP/1.1
User-Agent: selenium/4.0.0-alpha-7 (java windows)
Cache-Control: no-cache
Content-Type: application/json; charset=utf-8
host: localhost:1448
accept: */*

Response DefaultHttpResponse(decodeResult: success, version: HTTP/1.1)
HTTP/1.1 200 OK
Content-Length: 75
Content-Type: application/json; charset=utf-8

16:01:57.925 [AsyncHttpClient-1-2] DEBUG org.asynchttpclient.netty.channel.ChannelManager - Adding key: http://localhost:1448 for channel [id: 0x43daccbb, L:/127.0.0.1:53510 - R:localhost/127.0.0.1:1448]
16:01:57.925 [Forwarding findChildElement on session 3e4951c79d2ede6566ce6a8f9cc5332f to remote] DEBUG org.asynchttpclient.netty.request.NettyRequestSender - Using pooled Channel '[id: 0x43daccbb, L:/127.0.0.1:53510 - R:localhost/127.0.0.1:1448]' for 'POST' to 'http://localhost:1448/session/3e4951c79d2ede6566ce6a8f9cc5332f/element/0.330135430821078-66/element'
16:01:57.925 [Forwarding findChildElement on session 3e4951c79d2ede6566ce6a8f9cc5332f to remote] DEBUG org.asynchttpclient.netty.request.NettyRequestSender - Using open Channel [id: 0x43daccbb, L:/127.0.0.1:53510 - R:localhost/127.0.0.1:1448] for POST '/session/3e4951c79d2ede6566ce6a8f9cc5332f/element/0.330135430821078-66/element'
16:01:57.934 [AsyncHttpClient-1-2] DEBUG org.asynchttpclient.netty.handler.HttpHandler - 

Request DefaultHttpRequest(decodeResult: success, version: HTTP/1.1)
POST /session/3e4951c79d2ede6566ce6a8f9cc5332f/element/0.330135430821078-66/element HTTP/1.1
User-Agent: selenium/4.0.0-alpha-7 (java windows)
Content-Length: 77
Content-Type: application/json; charset=utf-8
host: localhost:1448
accept: */*

Response DefaultHttpResponse(decodeResult: success, version: HTTP/1.1)
HTTP/1.1 200 OK
Content-Length: 103
Content-Type: application/json; charset=utf-8

16:01:57.935 [AsyncHttpClient-1-2] DEBUG org.asynchttpclient.netty.channel.ChannelManager - Adding key: http://localhost:1448 for channel [id: 0x43daccbb, L:/127.0.0.1:53510 - R:localhost/127.0.0.1:1448]
16:01:57.935 [Forwarding getElementAttribute on session 3e4951c79d2ede6566ce6a8f9cc5332f to remote] DEBUG org.asynchttpclient.netty.request.NettyRequestSender - Using pooled Channel '[id: 0x43daccbb, L:/127.0.0.1:53510 - R:localhost/127.0.0.1:1448]' for 'GET' to 'http://localhost:1448/session/3e4951c79d2ede6566ce6a8f9cc5332f/element/0.330135430821078-133/attribute/value'
16:01:57.935 [Forwarding getElementAttribute on session 3e4951c79d2ede6566ce6a8f9cc5332f to remote] DEBUG org.asynchttpclient.netty.request.NettyRequestSender - Using open Channel [id: 0x43daccbb, L:/127.0.0.1:53510 - R:localhost/127.0.0.1:1448] for GET '/session/3e4951c79d2ede6566ce6a8f9cc5332f/element/0.330135430821078-133/attribute/value'
16:01:57.944 [AsyncHttpClient-1-2] DEBUG org.asynchttpclient.netty.handler.HttpHandler - 

Request DefaultFullHttpRequest(decodeResult: success, version: HTTP/1.1, content: EmptyByteBufBE)
GET /session/3e4951c79d2ede6566ce6a8f9cc5332f/element/0.330135430821078-133/attribute/value HTTP/1.1
User-Agent: selenium/4.0.0-alpha-7 (java windows)
Cache-Control: no-cache
Content-Type: application/json; charset=utf-8
host: localhost:1448
accept: */*

Response DefaultHttpResponse(decodeResult: success, version: HTTP/1.1)
HTTP/1.1 200 OK
Content-Length: 72
Content-Type: application/json; charset=utf-8

16:01:57.944 [AsyncHttpClient-1-2] DEBUG org.asynchttpclient.netty.channel.ChannelManager - Adding key: http://localhost:1448 for channel [id: 0x43daccbb, L:/127.0.0.1:53510 - R:localhost/127.0.0.1:1448]
16:01:57.945 [Forwarding getElementText on session 3e4951c79d2ede6566ce6a8f9cc5332f to remote] DEBUG org.asynchttpclient.netty.request.NettyRequestSender - Using pooled Channel '[id: 0x43daccbb, L:/127.0.0.1:53510 - R:localhost/127.0.0.1:1448]' for 'GET' to 'http://localhost:1448/session/3e4951c79d2ede6566ce6a8f9cc5332f/element/0.330135430821078-67/text'
16:01:57.945 [Forwarding getElementText on session 3e4951c79d2ede6566ce6a8f9cc5332f to remote] DEBUG org.asynchttpclient.netty.request.NettyRequestSender - Using open Channel [id: 0x43daccbb, L:/127.0.0.1:53510 - R:localhost/127.0.0.1:1448] for GET '/session/3e4951c79d2ede6566ce6a8f9cc5332f/element/0.330135430821078-67/text'
16:01:57.955 [AsyncHttpClient-1-2] DEBUG org.asynchttpclient.netty.handler.HttpHandler - 

Request DefaultFullHttpRequest(decodeResult: success, version: HTTP/1.1, content: EmptyByteBufBE)
GET /session/3e4951c79d2ede6566ce6a8f9cc5332f/element/0.330135430821078-67/text HTTP/1.1
User-Agent: selenium/4.0.0-alpha-7 (java windows)
Cache-Control: no-cache
Content-Type: application/json; charset=utf-8
host: localhost:1448
accept: */*

Response DefaultHttpResponse(decodeResult: success, version: HTTP/1.1)
HTTP/1.1 200 OK
Content-Length: 75
Content-Type: application/json; charset=utf-8

16:01:57.955 [AsyncHttpClient-1-2] DEBUG org.asynchttpclient.netty.channel.ChannelManager - Adding key: http://localhost:1448 for channel [id: 0x43daccbb, L:/127.0.0.1:53510 - R:localhost/127.0.0.1:1448]
16:01:57.956 [Forwarding findChildElement on session 3e4951c79d2ede6566ce6a8f9cc5332f to remote] DEBUG org.asynchttpclient.netty.request.NettyRequestSender - Using pooled Channel '[id: 0x43daccbb, L:/127.0.0.1:53510 - R:localhost/127.0.0.1:1448]' for 'POST' to 'http://localhost:1448/session/3e4951c79d2ede6566ce6a8f9cc5332f/element/0.330135430821078-67/element'
16:01:57.956 [Forwarding findChildElement on session 3e4951c79d2ede6566ce6a8f9cc5332f to remote] DEBUG org.asynchttpclient.netty.request.NettyRequestSender - Using open Channel [id: 0x43daccbb, L:/127.0.0.1:53510 - R:localhost/127.0.0.1:1448] for POST '/session/3e4951c79d2ede6566ce6a8f9cc5332f/element/0.330135430821078-67/element'
16:01:57.965 [AsyncHttpClient-1-2] DEBUG org.asynchttpclient.netty.handler.HttpHandler - 

Request DefaultHttpRequest(decodeResult: success, version: HTTP/1.1)
POST /session/3e4951c79d2ede6566ce6a8f9cc5332f/element/0.330135430821078-67/element HTTP/1.1
User-Agent: selenium/4.0.0-alpha-7 (java windows)
Content-Length: 77
Content-Type: application/json; charset=utf-8
host: localhost:1448
accept: */*

Response DefaultHttpResponse(decodeResult: success, version: HTTP/1.1)
HTTP/1.1 200 OK
Content-Length: 103
Content-Type: application/json; charset=utf-8

16:01:57.965 [AsyncHttpClient-1-2] DEBUG org.asynchttpclient.netty.channel.ChannelManager - Adding key: http://localhost:1448 for channel [id: 0x43daccbb, L:/127.0.0.1:53510 - R:localhost/127.0.0.1:1448]
16:01:57.965 [Forwarding getElementAttribute on session 3e4951c79d2ede6566ce6a8f9cc5332f to remote] DEBUG org.asynchttpclient.netty.request.NettyRequestSender - Using pooled Channel '[id: 0x43daccbb, L:/127.0.0.1:53510 - R:localhost/127.0.0.1:1448]' for 'GET' to 'http://localhost:1448/session/3e4951c79d2ede6566ce6a8f9cc5332f/element/0.330135430821078-134/attribute/value'
16:01:57.965 [Forwarding getElementAttribute on session 3e4951c79d2ede6566ce6a8f9cc5332f to remote] DEBUG org.asynchttpclient.netty.request.NettyRequestSender - Using open Channel [id: 0x43daccbb, L:/127.0.0.1:53510 - R:localhost/127.0.0.1:1448] for GET '/session/3e4951c79d2ede6566ce6a8f9cc5332f/element/0.330135430821078-134/attribute/value'
16:01:57.973 [AsyncHttpClient-1-2] DEBUG org.asynchttpclient.netty.handler.HttpHandler - 

Request DefaultFullHttpRequest(decodeResult: success, version: HTTP/1.1, content: EmptyByteBufBE)
GET /session/3e4951c79d2ede6566ce6a8f9cc5332f/element/0.330135430821078-134/attribute/value HTTP/1.1
User-Agent: selenium/4.0.0-alpha-7 (java windows)
Cache-Control: no-cache
Content-Type: application/json; charset=utf-8
host: localhost:1448
accept: */*

Response DefaultHttpResponse(decodeResult: success, version: HTTP/1.1)
HTTP/1.1 200 OK
Content-Length: 72
Content-Type: application/json; charset=utf-8

16:01:57.974 [AsyncHttpClient-1-2] DEBUG org.asynchttpclient.netty.channel.ChannelManager - Adding key: http://localhost:1448 for channel [id: 0x43daccbb, L:/127.0.0.1:53510 - R:localhost/127.0.0.1:1448]
16:01:57.998 [Forwarding findElements on session 3e4951c79d2ede6566ce6a8f9cc5332f to remote] DEBUG org.asynchttpclient.netty.request.NettyRequestSender - Using pooled Channel '[id: 0x43daccbb, L:/127.0.0.1:53510 - R:localhost/127.0.0.1:1448]' for 'POST' to 'http://localhost:1448/session/3e4951c79d2ede6566ce6a8f9cc5332f/elements'
16:01:57.998 [Forwarding findElements on session 3e4951c79d2ede6566ce6a8f9cc5332f to remote] DEBUG org.asynchttpclient.netty.request.NettyRequestSender - Using open Channel [id: 0x43daccbb, L:/127.0.0.1:53510 - R:localhost/127.0.0.1:1448] for POST '/session/3e4951c79d2ede6566ce6a8f9cc5332f/elements'
16:01:58.014 [AsyncHttpClient-1-2] DEBUG org.asynchttpclient.netty.handler.HttpHandler - 

Request DefaultHttpRequest(decodeResult: success, version: HTTP/1.1)
POST /session/3e4951c79d2ede6566ce6a8f9cc5332f/elements HTTP/1.1
User-Agent: selenium/4.0.0-alpha-7 (java windows)
Content-Length: 46
Content-Type: application/json; charset=utf-8
host: localhost:1448
accept: */*

Response DefaultHttpResponse(decodeResult: success, version: HTTP/1.1)
HTTP/1.1 200 OK
Content-Length: 2449
Content-Type: application/json; charset=utf-8

16:01:58.015 [AsyncHttpClient-1-2] DEBUG org.asynchttpclient.netty.channel.ChannelManager - Adding key: http://localhost:1448 for channel [id: 0x43daccbb, L:/127.0.0.1:53510 - R:localhost/127.0.0.1:1448]
16:01:58.109 [Test worker] INFO ru.stqa.pft.addressbook.lessons_68.tests.GroupDeletionTests - Stop test testGroupCreation
]]></system-out>
  <system-err><![CDATA[Starting OperaDriver 87.0.4280.67 (0e5d92df40086cf0050c00f87b11da1b14580930-refs/branch-heads/4280@{#1441}) on port 1448
Only local connections are allowed.
Please see https://chromedriver.chromium.org/security-considerations for suggestions on keeping OperaDriver safe.
OperaDriver was started successfully.
[1614607252.369][WARNING]: This version of OperaDriver has not been tested with Opera version 88.
мар 01, 2021 4:01:01 PM org.openqa.selenium.remote.ProtocolHandshake createSession
INFO: Detected dialect: OSS
мар 01, 2021 4:01:03 PM org.openqa.selenium.devtools.CdpVersionFinder findNearestMatch
WARNING: Unable to find an exact match for CDP version 88, so returning the closest version found: 86
мар 01, 2021 4:01:03 PM org.openqa.selenium.devtools.CdpVersionFinder findNearestMatch
INFO: Found CDP implementation for version 88 of 86
]]></system-err>
</testsuite>
